[2025-01-25T12:42:00.985+0000] {taskinstance.py:1157} INFO - Dependencies all met for dep_context=non-requeueable deps ti=<TaskInstance: openweather_data_lake.staging_to_curated scheduled__2025-01-24T00:00:00+00:00 [queued]>
[2025-01-25T12:42:00.989+0000] {taskinstance.py:1157} INFO - Dependencies all met for dep_context=requeueable deps ti=<TaskInstance: openweather_data_lake.staging_to_curated scheduled__2025-01-24T00:00:00+00:00 [queued]>
[2025-01-25T12:42:00.989+0000] {taskinstance.py:1359} INFO - Starting attempt 1 of 3
[2025-01-25T12:42:00.995+0000] {taskinstance.py:1380} INFO - Executing <Task(PythonOperator): staging_to_curated> on 2025-01-24 00:00:00+00:00
[2025-01-25T12:42:01.002+0000] {standard_task_runner.py:57} INFO - Started process 289 to run task
[2025-01-25T12:42:01.006+0000] {standard_task_runner.py:84} INFO - Running: ['***', 'tasks', 'run', 'openweather_data_lake', 'staging_to_curated', 'scheduled__2025-01-24T00:00:00+00:00', '--job-id', '22', '--raw', '--subdir', 'DAGS_FOLDER/openweather_data_lake.py', '--cfg-path', '/tmp/tmp2ew42959']
[2025-01-25T12:42:01.008+0000] {standard_task_runner.py:85} INFO - Job 22: Subtask staging_to_curated
[2025-01-25T12:42:01.021+0000] {logging_mixin.py:151} WARNING - /home/***/.local/lib/python3.8/site-packages/***/settings.py:195 DeprecationWarning: The sql_alchemy_conn option in [core] has been moved to the sql_alchemy_conn option in [database] - the old setting has been used, but please update your config.
[2025-01-25T12:42:01.047+0000] {task_command.py:415} INFO - Running <TaskInstance: openweather_data_lake.staging_to_curated scheduled__2025-01-24T00:00:00+00:00 [running]> on host 13ad84e8e096
[2025-01-25T12:42:01.089+0000] {taskinstance.py:1660} INFO - Exporting env vars: AIRFLOW_CTX_DAG_OWNER='***' AIRFLOW_CTX_DAG_ID='openweather_data_lake' AIRFLOW_CTX_TASK_ID='staging_to_curated' AIRFLOW_CTX_EXECUTION_DATE='2025-01-24T00:00:00+00:00' AIRFLOW_CTX_TRY_NUMBER='1' AIRFLOW_CTX_DAG_RUN_ID='scheduled__2025-01-24T00:00:00+00:00'
[2025-01-25T12:42:06.952+0000] {python.py:194} INFO - Done. Returned value was: None
[2025-01-25T12:42:06.984+0000] {taskinstance.py:1398} INFO - Marking task as SUCCESS. dag_id=openweather_data_lake, task_id=staging_to_curated, execution_date=20250124T000000, start_date=20250125T124200, end_date=20250125T124206
[2025-01-25T12:42:07.008+0000] {local_task_job_runner.py:228} INFO - Task exited with return code 0
[2025-01-25T12:42:07.025+0000] {taskinstance.py:2776} INFO - 0 downstream tasks scheduled from follow-on schedule check
[2025-01-25T13:18:07.984+0000] {taskinstance.py:1157} INFO - Dependencies all met for dep_context=non-requeueable deps ti=<TaskInstance: openweather_data_lake.staging_to_curated scheduled__2025-01-24T00:00:00+00:00 [queued]>
[2025-01-25T13:18:07.992+0000] {taskinstance.py:1157} INFO - Dependencies all met for dep_context=requeueable deps ti=<TaskInstance: openweather_data_lake.staging_to_curated scheduled__2025-01-24T00:00:00+00:00 [queued]>
[2025-01-25T13:18:07.994+0000] {taskinstance.py:1359} INFO - Starting attempt 1 of 3
[2025-01-25T13:18:08.003+0000] {taskinstance.py:1380} INFO - Executing <Task(PythonOperator): staging_to_curated> on 2025-01-24 00:00:00+00:00
[2025-01-25T13:18:08.008+0000] {standard_task_runner.py:57} INFO - Started process 341 to run task
[2025-01-25T13:18:08.011+0000] {standard_task_runner.py:84} INFO - Running: ['***', 'tasks', 'run', 'openweather_data_lake', 'staging_to_curated', 'scheduled__2025-01-24T00:00:00+00:00', '--job-id', '34', '--raw', '--subdir', 'DAGS_FOLDER/openweather_data_lake.py', '--cfg-path', '/tmp/tmpquxn3muf']
[2025-01-25T13:18:08.013+0000] {standard_task_runner.py:85} INFO - Job 34: Subtask staging_to_curated
[2025-01-25T13:18:08.031+0000] {logging_mixin.py:151} WARNING - /home/***/.local/lib/python3.8/site-packages/***/settings.py:195 DeprecationWarning: The sql_alchemy_conn option in [core] has been moved to the sql_alchemy_conn option in [database] - the old setting has been used, but please update your config.
[2025-01-25T13:18:08.062+0000] {task_command.py:415} INFO - Running <TaskInstance: openweather_data_lake.staging_to_curated scheduled__2025-01-24T00:00:00+00:00 [running]> on host eb0d4caa6d7f
[2025-01-25T13:18:08.103+0000] {taskinstance.py:1660} INFO - Exporting env vars: AIRFLOW_CTX_DAG_OWNER='***' AIRFLOW_CTX_DAG_ID='openweather_data_lake' AIRFLOW_CTX_TASK_ID='staging_to_curated' AIRFLOW_CTX_EXECUTION_DATE='2025-01-24T00:00:00+00:00' AIRFLOW_CTX_TRY_NUMBER='1' AIRFLOW_CTX_DAG_RUN_ID='scheduled__2025-01-24T00:00:00+00:00'
[2025-01-25T13:18:10.749+0000] {python.py:194} INFO - Done. Returned value was: None
[2025-01-25T13:18:10.813+0000] {taskinstance.py:1398} INFO - Marking task as SUCCESS. dag_id=openweather_data_lake, task_id=staging_to_curated, execution_date=20250124T000000, start_date=20250125T131807, end_date=20250125T131810
[2025-01-25T13:18:10.863+0000] {local_task_job_runner.py:228} INFO - Task exited with return code 0
[2025-01-25T13:18:10.903+0000] {taskinstance.py:2776} INFO - 0 downstream tasks scheduled from follow-on schedule check
[2025-01-25T13:19:03.635+0000] {taskinstance.py:1157} INFO - Dependencies all met for dep_context=non-requeueable deps ti=<TaskInstance: openweather_data_lake.staging_to_curated scheduled__2025-01-24T00:00:00+00:00 [queued]>
[2025-01-25T13:19:03.644+0000] {taskinstance.py:1157} INFO - Dependencies all met for dep_context=requeueable deps ti=<TaskInstance: openweather_data_lake.staging_to_curated scheduled__2025-01-24T00:00:00+00:00 [queued]>
[2025-01-25T13:19:03.644+0000] {taskinstance.py:1359} INFO - Starting attempt 1 of 3
[2025-01-25T13:19:03.652+0000] {taskinstance.py:1380} INFO - Executing <Task(PythonOperator): staging_to_curated> on 2025-01-24 00:00:00+00:00
[2025-01-25T13:19:03.661+0000] {standard_task_runner.py:57} INFO - Started process 485 to run task
[2025-01-25T13:19:03.666+0000] {standard_task_runner.py:84} INFO - Running: ['***', 'tasks', 'run', 'openweather_data_lake', 'staging_to_curated', 'scheduled__2025-01-24T00:00:00+00:00', '--job-id', '39', '--raw', '--subdir', 'DAGS_FOLDER/openweather_data_lake.py', '--cfg-path', '/tmp/tmp73c5wqw4']
[2025-01-25T13:19:03.668+0000] {standard_task_runner.py:85} INFO - Job 39: Subtask staging_to_curated
[2025-01-25T13:19:03.682+0000] {logging_mixin.py:151} WARNING - /home/***/.local/lib/python3.8/site-packages/***/settings.py:195 DeprecationWarning: The sql_alchemy_conn option in [core] has been moved to the sql_alchemy_conn option in [database] - the old setting has been used, but please update your config.
[2025-01-25T13:19:03.709+0000] {task_command.py:415} INFO - Running <TaskInstance: openweather_data_lake.staging_to_curated scheduled__2025-01-24T00:00:00+00:00 [running]> on host eb0d4caa6d7f
[2025-01-25T13:19:03.748+0000] {taskinstance.py:1660} INFO - Exporting env vars: AIRFLOW_CTX_DAG_OWNER='***' AIRFLOW_CTX_DAG_ID='openweather_data_lake' AIRFLOW_CTX_TASK_ID='staging_to_curated' AIRFLOW_CTX_EXECUTION_DATE='2025-01-24T00:00:00+00:00' AIRFLOW_CTX_TRY_NUMBER='1' AIRFLOW_CTX_DAG_RUN_ID='scheduled__2025-01-24T00:00:00+00:00'
[2025-01-25T13:19:05.729+0000] {python.py:194} INFO - Done. Returned value was: None
[2025-01-25T13:19:05.758+0000] {taskinstance.py:1398} INFO - Marking task as SUCCESS. dag_id=openweather_data_lake, task_id=staging_to_curated, execution_date=20250124T000000, start_date=20250125T131903, end_date=20250125T131905
[2025-01-25T13:19:05.795+0000] {local_task_job_runner.py:228} INFO - Task exited with return code 0
[2025-01-25T13:19:05.825+0000] {taskinstance.py:2776} INFO - 0 downstream tasks scheduled from follow-on schedule check
[2025-01-25T13:41:05.258+0000] {taskinstance.py:1157} INFO - Dependencies all met for dep_context=non-requeueable deps ti=<TaskInstance: openweather_data_lake.staging_to_curated scheduled__2025-01-24T00:00:00+00:00 [queued]>
[2025-01-25T13:41:05.269+0000] {taskinstance.py:1157} INFO - Dependencies all met for dep_context=requeueable deps ti=<TaskInstance: openweather_data_lake.staging_to_curated scheduled__2025-01-24T00:00:00+00:00 [queued]>
[2025-01-25T13:41:05.269+0000] {taskinstance.py:1359} INFO - Starting attempt 1 of 3
[2025-01-25T13:41:05.278+0000] {taskinstance.py:1380} INFO - Executing <Task(PythonOperator): staging_to_curated> on 2025-01-24 00:00:00+00:00
[2025-01-25T13:41:05.283+0000] {standard_task_runner.py:57} INFO - Started process 302 to run task
[2025-01-25T13:41:05.285+0000] {standard_task_runner.py:84} INFO - Running: ['***', 'tasks', 'run', 'openweather_data_lake', 'staging_to_curated', 'scheduled__2025-01-24T00:00:00+00:00', '--job-id', '8', '--raw', '--subdir', 'DAGS_FOLDER/openweather_data_lake.py', '--cfg-path', '/tmp/tmpcuwl6mez']
[2025-01-25T13:41:05.289+0000] {standard_task_runner.py:85} INFO - Job 8: Subtask staging_to_curated
[2025-01-25T13:41:05.305+0000] {logging_mixin.py:151} WARNING - /home/***/.local/lib/python3.8/site-packages/***/settings.py:195 DeprecationWarning: The sql_alchemy_conn option in [core] has been moved to the sql_alchemy_conn option in [database] - the old setting has been used, but please update your config.
[2025-01-25T13:41:05.330+0000] {task_command.py:415} INFO - Running <TaskInstance: openweather_data_lake.staging_to_curated scheduled__2025-01-24T00:00:00+00:00 [running]> on host 76d975d787c4
[2025-01-25T13:41:05.376+0000] {taskinstance.py:1660} INFO - Exporting env vars: AIRFLOW_CTX_DAG_OWNER='***' AIRFLOW_CTX_DAG_ID='openweather_data_lake' AIRFLOW_CTX_TASK_ID='staging_to_curated' AIRFLOW_CTX_EXECUTION_DATE='2025-01-24T00:00:00+00:00' AIRFLOW_CTX_TRY_NUMBER='1' AIRFLOW_CTX_DAG_RUN_ID='scheduled__2025-01-24T00:00:00+00:00'
[2025-01-25T13:41:08.418+0000] {python.py:194} INFO - Done. Returned value was: None
[2025-01-25T13:41:08.462+0000] {taskinstance.py:1398} INFO - Marking task as SUCCESS. dag_id=openweather_data_lake, task_id=staging_to_curated, execution_date=20250124T000000, start_date=20250125T134105, end_date=20250125T134108
[2025-01-25T13:41:08.527+0000] {local_task_job_runner.py:228} INFO - Task exited with return code 0
[2025-01-25T13:41:08.561+0000] {taskinstance.py:2776} INFO - 0 downstream tasks scheduled from follow-on schedule check
