[2025-01-25T13:17:58.826+0000] {taskinstance.py:1157} INFO - Dependencies all met for dep_context=non-requeueable deps ti=<TaskInstance: openweather_data_lake.initialize_buckets scheduled__2025-01-24T00:00:00+00:00 [queued]>
[2025-01-25T13:17:58.832+0000] {taskinstance.py:1157} INFO - Dependencies all met for dep_context=requeueable deps ti=<TaskInstance: openweather_data_lake.initialize_buckets scheduled__2025-01-24T00:00:00+00:00 [queued]>
[2025-01-25T13:17:58.832+0000] {taskinstance.py:1359} INFO - Starting attempt 1 of 3
[2025-01-25T13:17:58.844+0000] {taskinstance.py:1380} INFO - Executing <Task(PythonOperator): initialize_buckets> on 2025-01-24 00:00:00+00:00
[2025-01-25T13:17:58.849+0000] {standard_task_runner.py:57} INFO - Started process 250 to run task
[2025-01-25T13:17:58.860+0000] {standard_task_runner.py:84} INFO - Running: ['***', 'tasks', 'run', 'openweather_data_lake', 'initialize_buckets', 'scheduled__2025-01-24T00:00:00+00:00', '--job-id', '29', '--raw', '--subdir', 'DAGS_FOLDER/openweather_data_lake.py', '--cfg-path', '/tmp/tmp4zkhbu_x']
[2025-01-25T13:17:58.863+0000] {standard_task_runner.py:85} INFO - Job 29: Subtask initialize_buckets
[2025-01-25T13:17:58.878+0000] {logging_mixin.py:151} WARNING - /home/***/.local/lib/python3.8/site-packages/***/settings.py:195 DeprecationWarning: The sql_alchemy_conn option in [core] has been moved to the sql_alchemy_conn option in [database] - the old setting has been used, but please update your config.
[2025-01-25T13:17:58.910+0000] {task_command.py:415} INFO - Running <TaskInstance: openweather_data_lake.initialize_buckets scheduled__2025-01-24T00:00:00+00:00 [running]> on host eb0d4caa6d7f
[2025-01-25T13:17:58.961+0000] {taskinstance.py:1660} INFO - Exporting env vars: AIRFLOW_CTX_DAG_OWNER='***' AIRFLOW_CTX_DAG_ID='openweather_data_lake' AIRFLOW_CTX_TASK_ID='initialize_buckets' AIRFLOW_CTX_EXECUTION_DATE='2025-01-24T00:00:00+00:00' AIRFLOW_CTX_TRY_NUMBER='1' AIRFLOW_CTX_DAG_RUN_ID='scheduled__2025-01-24T00:00:00+00:00'
[2025-01-25T13:17:59.341+0000] {logging_mixin.py:151} INFO - [INFO] Bucket 'raw' créé.
[2025-01-25T13:17:59.344+0000] {logging_mixin.py:151} INFO - [INFO] Bucket 'staging' créé.
[2025-01-25T13:17:59.350+0000] {logging_mixin.py:151} INFO - [INFO] Bucket 'curated' créé.
[2025-01-25T13:17:59.351+0000] {python.py:194} INFO - Done. Returned value was: None
[2025-01-25T13:17:59.359+0000] {taskinstance.py:1398} INFO - Marking task as SUCCESS. dag_id=openweather_data_lake, task_id=initialize_buckets, execution_date=20250124T000000, start_date=20250125T131758, end_date=20250125T131759
[2025-01-25T13:17:59.409+0000] {local_task_job_runner.py:228} INFO - Task exited with return code 0
[2025-01-25T13:17:59.499+0000] {taskinstance.py:2776} INFO - 1 downstream tasks scheduled from follow-on schedule check
[2025-01-25T13:18:54.454+0000] {taskinstance.py:1157} INFO - Dependencies all met for dep_context=non-requeueable deps ti=<TaskInstance: openweather_data_lake.initialize_buckets scheduled__2025-01-24T00:00:00+00:00 [queued]>
[2025-01-25T13:18:54.458+0000] {taskinstance.py:1157} INFO - Dependencies all met for dep_context=requeueable deps ti=<TaskInstance: openweather_data_lake.initialize_buckets scheduled__2025-01-24T00:00:00+00:00 [queued]>
[2025-01-25T13:18:54.458+0000] {taskinstance.py:1359} INFO - Starting attempt 1 of 3
[2025-01-25T13:18:54.463+0000] {taskinstance.py:1380} INFO - Executing <Task(PythonOperator): initialize_buckets> on 2025-01-24 00:00:00+00:00
[2025-01-25T13:18:54.466+0000] {standard_task_runner.py:57} INFO - Started process 438 to run task
[2025-01-25T13:18:54.468+0000] {standard_task_runner.py:84} INFO - Running: ['***', 'tasks', 'run', 'openweather_data_lake', 'initialize_buckets', 'scheduled__2025-01-24T00:00:00+00:00', '--job-id', '36', '--raw', '--subdir', 'DAGS_FOLDER/openweather_data_lake.py', '--cfg-path', '/tmp/tmpbdjvw7u5']
[2025-01-25T13:18:54.470+0000] {standard_task_runner.py:85} INFO - Job 36: Subtask initialize_buckets
[2025-01-25T13:18:54.484+0000] {logging_mixin.py:151} WARNING - /home/***/.local/lib/python3.8/site-packages/***/settings.py:195 DeprecationWarning: The sql_alchemy_conn option in [core] has been moved to the sql_alchemy_conn option in [database] - the old setting has been used, but please update your config.
[2025-01-25T13:18:54.503+0000] {task_command.py:415} INFO - Running <TaskInstance: openweather_data_lake.initialize_buckets scheduled__2025-01-24T00:00:00+00:00 [running]> on host eb0d4caa6d7f
[2025-01-25T13:18:54.532+0000] {taskinstance.py:1660} INFO - Exporting env vars: AIRFLOW_CTX_DAG_OWNER='***' AIRFLOW_CTX_DAG_ID='openweather_data_lake' AIRFLOW_CTX_TASK_ID='initialize_buckets' AIRFLOW_CTX_EXECUTION_DATE='2025-01-24T00:00:00+00:00' AIRFLOW_CTX_TRY_NUMBER='1' AIRFLOW_CTX_DAG_RUN_ID='scheduled__2025-01-24T00:00:00+00:00'
[2025-01-25T13:18:54.709+0000] {logging_mixin.py:151} INFO - [INFO] Bucket 'raw' existe déjà.
[2025-01-25T13:18:54.709+0000] {logging_mixin.py:151} INFO - [INFO] Bucket 'staging' existe déjà.
[2025-01-25T13:18:54.710+0000] {logging_mixin.py:151} INFO - [INFO] Bucket 'curated' existe déjà.
[2025-01-25T13:18:54.710+0000] {python.py:194} INFO - Done. Returned value was: None
[2025-01-25T13:18:54.715+0000] {taskinstance.py:1398} INFO - Marking task as SUCCESS. dag_id=openweather_data_lake, task_id=initialize_buckets, execution_date=20250124T000000, start_date=20250125T131854, end_date=20250125T131854
[2025-01-25T13:18:54.738+0000] {local_task_job_runner.py:228} INFO - Task exited with return code 0
[2025-01-25T13:18:54.750+0000] {taskinstance.py:2776} INFO - 1 downstream tasks scheduled from follow-on schedule check
[2025-01-25T13:40:54.217+0000] {taskinstance.py:1157} INFO - Dependencies all met for dep_context=non-requeueable deps ti=<TaskInstance: openweather_data_lake.initialize_buckets scheduled__2025-01-24T00:00:00+00:00 [queued]>
[2025-01-25T13:40:54.226+0000] {taskinstance.py:1157} INFO - Dependencies all met for dep_context=requeueable deps ti=<TaskInstance: openweather_data_lake.initialize_buckets scheduled__2025-01-24T00:00:00+00:00 [queued]>
[2025-01-25T13:40:54.226+0000] {taskinstance.py:1359} INFO - Starting attempt 1 of 3
[2025-01-25T13:40:54.234+0000] {taskinstance.py:1380} INFO - Executing <Task(PythonOperator): initialize_buckets> on 2025-01-24 00:00:00+00:00
[2025-01-25T13:40:54.249+0000] {standard_task_runner.py:57} INFO - Started process 209 to run task
[2025-01-25T13:40:54.255+0000] {standard_task_runner.py:84} INFO - Running: ['***', 'tasks', 'run', 'openweather_data_lake', 'initialize_buckets', 'scheduled__2025-01-24T00:00:00+00:00', '--job-id', '3', '--raw', '--subdir', 'DAGS_FOLDER/openweather_data_lake.py', '--cfg-path', '/tmp/tmpjjaq1rrm']
[2025-01-25T13:40:54.257+0000] {standard_task_runner.py:85} INFO - Job 3: Subtask initialize_buckets
[2025-01-25T13:40:54.275+0000] {logging_mixin.py:151} WARNING - /home/***/.local/lib/python3.8/site-packages/***/settings.py:195 DeprecationWarning: The sql_alchemy_conn option in [core] has been moved to the sql_alchemy_conn option in [database] - the old setting has been used, but please update your config.
[2025-01-25T13:40:54.368+0000] {task_command.py:415} INFO - Running <TaskInstance: openweather_data_lake.initialize_buckets scheduled__2025-01-24T00:00:00+00:00 [running]> on host 76d975d787c4
[2025-01-25T13:40:54.567+0000] {taskinstance.py:1660} INFO - Exporting env vars: AIRFLOW_CTX_DAG_OWNER='***' AIRFLOW_CTX_DAG_ID='openweather_data_lake' AIRFLOW_CTX_TASK_ID='initialize_buckets' AIRFLOW_CTX_EXECUTION_DATE='2025-01-24T00:00:00+00:00' AIRFLOW_CTX_TRY_NUMBER='1' AIRFLOW_CTX_DAG_RUN_ID='scheduled__2025-01-24T00:00:00+00:00'
[2025-01-25T13:40:55.512+0000] {logging_mixin.py:151} INFO - [INFO] Bucket 'raw' créé.
[2025-01-25T13:40:55.531+0000] {logging_mixin.py:151} INFO - [INFO] Bucket 'staging' créé.
[2025-01-25T13:40:55.537+0000] {logging_mixin.py:151} INFO - [INFO] Bucket 'curated' créé.
[2025-01-25T13:40:55.538+0000] {python.py:194} INFO - Done. Returned value was: None
[2025-01-25T13:40:55.563+0000] {taskinstance.py:1398} INFO - Marking task as SUCCESS. dag_id=openweather_data_lake, task_id=initialize_buckets, execution_date=20250124T000000, start_date=20250125T134054, end_date=20250125T134055
[2025-01-25T13:40:55.640+0000] {local_task_job_runner.py:228} INFO - Task exited with return code 0
[2025-01-25T13:40:55.706+0000] {taskinstance.py:2776} INFO - 1 downstream tasks scheduled from follow-on schedule check
