[2025-03-10T18:41:36.601+0000] {taskinstance.py:1157} INFO - Dependencies all met for dep_context=non-requeueable deps ti=<TaskInstance: openweather_data_lake.initialize_buckets scheduled__2025-03-10T12:00:00+00:00 [queued]>
[2025-03-10T18:41:36.606+0000] {taskinstance.py:1157} INFO - Dependencies all met for dep_context=requeueable deps ti=<TaskInstance: openweather_data_lake.initialize_buckets scheduled__2025-03-10T12:00:00+00:00 [queued]>
[2025-03-10T18:41:36.606+0000] {taskinstance.py:1359} INFO - Starting attempt 1 of 3
[2025-03-10T18:41:36.614+0000] {taskinstance.py:1380} INFO - Executing <Task(PythonOperator): initialize_buckets> on 2025-03-10 12:00:00+00:00
[2025-03-10T18:41:36.632+0000] {standard_task_runner.py:57} INFO - Started process 179 to run task
[2025-03-10T18:41:36.635+0000] {standard_task_runner.py:84} INFO - Running: ['***', 'tasks', 'run', 'openweather_data_lake', 'initialize_buckets', 'scheduled__2025-03-10T12:00:00+00:00', '--job-id', '3', '--raw', '--subdir', 'DAGS_FOLDER/openweather_data_lake.py', '--cfg-path', '/tmp/tmpckc819bd']
[2025-03-10T18:41:36.637+0000] {standard_task_runner.py:85} INFO - Job 3: Subtask initialize_buckets
[2025-03-10T18:41:36.656+0000] {logging_mixin.py:151} WARNING - /home/***/.local/lib/python3.8/site-packages/***/settings.py:195 DeprecationWarning: The sql_alchemy_conn option in [core] has been moved to the sql_alchemy_conn option in [database] - the old setting has been used, but please update your config.
[2025-03-10T18:41:36.684+0000] {task_command.py:415} INFO - Running <TaskInstance: openweather_data_lake.initialize_buckets scheduled__2025-03-10T12:00:00+00:00 [running]> on host d8442e641ab0
[2025-03-10T18:41:36.792+0000] {taskinstance.py:1660} INFO - Exporting env vars: AIRFLOW_CTX_DAG_OWNER='***' AIRFLOW_CTX_DAG_ID='openweather_data_lake' AIRFLOW_CTX_TASK_ID='initialize_buckets' AIRFLOW_CTX_EXECUTION_DATE='2025-03-10T12:00:00+00:00' AIRFLOW_CTX_TRY_NUMBER='1' AIRFLOW_CTX_DAG_RUN_ID='scheduled__2025-03-10T12:00:00+00:00'
[2025-03-10T18:41:38.267+0000] {logging_mixin.py:151} INFO - [INFO] Bucket 'raw' created.
[2025-03-10T18:41:38.270+0000] {logging_mixin.py:151} INFO - [INFO] Bucket 'staging' created.
[2025-03-10T18:41:38.273+0000] {logging_mixin.py:151} INFO - [INFO] Bucket 'curated' created.
[2025-03-10T18:41:38.274+0000] {python.py:194} INFO - Done. Returned value was: None
[2025-03-10T18:41:38.298+0000] {taskinstance.py:1398} INFO - Marking task as SUCCESS. dag_id=openweather_data_lake, task_id=initialize_buckets, execution_date=20250310T120000, start_date=20250310T184136, end_date=20250310T184138
[2025-03-10T18:41:38.340+0000] {local_task_job_runner.py:228} INFO - Task exited with return code 0
[2025-03-10T18:41:38.381+0000] {taskinstance.py:2776} INFO - 1 downstream tasks scheduled from follow-on schedule check
[2025-03-10T18:43:32.039+0000] {taskinstance.py:1157} INFO - Dependencies all met for dep_context=non-requeueable deps ti=<TaskInstance: openweather_data_lake.initialize_buckets scheduled__2025-03-10T12:00:00+00:00 [queued]>
[2025-03-10T18:43:32.045+0000] {taskinstance.py:1157} INFO - Dependencies all met for dep_context=requeueable deps ti=<TaskInstance: openweather_data_lake.initialize_buckets scheduled__2025-03-10T12:00:00+00:00 [queued]>
[2025-03-10T18:43:32.045+0000] {taskinstance.py:1359} INFO - Starting attempt 1 of 3
[2025-03-10T18:43:32.055+0000] {taskinstance.py:1380} INFO - Executing <Task(PythonOperator): initialize_buckets> on 2025-03-10 12:00:00+00:00
[2025-03-10T18:43:32.063+0000] {standard_task_runner.py:57} INFO - Started process 468 to run task
[2025-03-10T18:43:32.073+0000] {standard_task_runner.py:84} INFO - Running: ['***', 'tasks', 'run', 'openweather_data_lake', 'initialize_buckets', 'scheduled__2025-03-10T12:00:00+00:00', '--job-id', '15', '--raw', '--subdir', 'DAGS_FOLDER/openweather_data_lake.py', '--cfg-path', '/tmp/tmpv6gdx0rl']
[2025-03-10T18:43:32.077+0000] {standard_task_runner.py:85} INFO - Job 15: Subtask initialize_buckets
[2025-03-10T18:43:32.101+0000] {logging_mixin.py:151} WARNING - /home/***/.local/lib/python3.8/site-packages/***/settings.py:195 DeprecationWarning: The sql_alchemy_conn option in [core] has been moved to the sql_alchemy_conn option in [database] - the old setting has been used, but please update your config.
[2025-03-10T18:43:32.135+0000] {task_command.py:415} INFO - Running <TaskInstance: openweather_data_lake.initialize_buckets scheduled__2025-03-10T12:00:00+00:00 [running]> on host d8442e641ab0
[2025-03-10T18:43:32.199+0000] {taskinstance.py:1660} INFO - Exporting env vars: AIRFLOW_CTX_DAG_OWNER='***' AIRFLOW_CTX_DAG_ID='openweather_data_lake' AIRFLOW_CTX_TASK_ID='initialize_buckets' AIRFLOW_CTX_EXECUTION_DATE='2025-03-10T12:00:00+00:00' AIRFLOW_CTX_TRY_NUMBER='1' AIRFLOW_CTX_DAG_RUN_ID='scheduled__2025-03-10T12:00:00+00:00'
[2025-03-10T18:43:32.444+0000] {logging_mixin.py:151} INFO - [INFO] Bucket 'raw' already exists.
[2025-03-10T18:43:32.444+0000] {logging_mixin.py:151} INFO - [INFO] Bucket 'staging' already exists.
[2025-03-10T18:43:32.444+0000] {logging_mixin.py:151} INFO - [INFO] Bucket 'curated' already exists.
[2025-03-10T18:43:32.445+0000] {python.py:194} INFO - Done. Returned value was: None
[2025-03-10T18:43:32.451+0000] {taskinstance.py:1398} INFO - Marking task as SUCCESS. dag_id=openweather_data_lake, task_id=initialize_buckets, execution_date=20250310T120000, start_date=20250310T184332, end_date=20250310T184332
[2025-03-10T18:43:32.503+0000] {local_task_job_runner.py:228} INFO - Task exited with return code 0
[2025-03-10T18:43:32.520+0000] {taskinstance.py:2776} INFO - 1 downstream tasks scheduled from follow-on schedule check
[2025-03-10T18:49:50.265+0000] {taskinstance.py:1157} INFO - Dependencies all met for dep_context=non-requeueable deps ti=<TaskInstance: openweather_data_lake.initialize_buckets scheduled__2025-03-10T12:00:00+00:00 [queued]>
[2025-03-10T18:49:50.277+0000] {taskinstance.py:1157} INFO - Dependencies all met for dep_context=requeueable deps ti=<TaskInstance: openweather_data_lake.initialize_buckets scheduled__2025-03-10T12:00:00+00:00 [queued]>
[2025-03-10T18:49:50.277+0000] {taskinstance.py:1359} INFO - Starting attempt 1 of 3
[2025-03-10T18:49:50.287+0000] {taskinstance.py:1380} INFO - Executing <Task(PythonOperator): initialize_buckets> on 2025-03-10 12:00:00+00:00
[2025-03-10T18:49:50.299+0000] {standard_task_runner.py:57} INFO - Started process 179 to run task
[2025-03-10T18:49:50.301+0000] {standard_task_runner.py:84} INFO - Running: ['***', 'tasks', 'run', 'openweather_data_lake', 'initialize_buckets', 'scheduled__2025-03-10T12:00:00+00:00', '--job-id', '2', '--raw', '--subdir', 'DAGS_FOLDER/openweather_data_lake.py', '--cfg-path', '/tmp/tmpt17e5sel']
[2025-03-10T18:49:50.306+0000] {standard_task_runner.py:85} INFO - Job 2: Subtask initialize_buckets
[2025-03-10T18:49:50.344+0000] {logging_mixin.py:151} WARNING - /home/***/.local/lib/python3.8/site-packages/***/settings.py:195 DeprecationWarning: The sql_alchemy_conn option in [core] has been moved to the sql_alchemy_conn option in [database] - the old setting has been used, but please update your config.
[2025-03-10T18:49:50.378+0000] {task_command.py:415} INFO - Running <TaskInstance: openweather_data_lake.initialize_buckets scheduled__2025-03-10T12:00:00+00:00 [running]> on host 5222d87982cb
[2025-03-10T18:49:50.447+0000] {taskinstance.py:1660} INFO - Exporting env vars: AIRFLOW_CTX_DAG_OWNER='***' AIRFLOW_CTX_DAG_ID='openweather_data_lake' AIRFLOW_CTX_TASK_ID='initialize_buckets' AIRFLOW_CTX_EXECUTION_DATE='2025-03-10T12:00:00+00:00' AIRFLOW_CTX_TRY_NUMBER='1' AIRFLOW_CTX_DAG_RUN_ID='scheduled__2025-03-10T12:00:00+00:00'
[2025-03-10T18:49:51.929+0000] {logging_mixin.py:151} INFO - [INFO] Bucket 'raw' created.
[2025-03-10T18:49:51.942+0000] {logging_mixin.py:151} INFO - [INFO] Bucket 'staging' created.
[2025-03-10T18:49:51.947+0000] {logging_mixin.py:151} INFO - [INFO] Bucket 'curated' created.
[2025-03-10T18:49:51.948+0000] {python.py:194} INFO - Done. Returned value was: None
[2025-03-10T18:49:51.985+0000] {taskinstance.py:1398} INFO - Marking task as SUCCESS. dag_id=openweather_data_lake, task_id=initialize_buckets, execution_date=20250310T120000, start_date=20250310T184950, end_date=20250310T184951
[2025-03-10T18:49:52.057+0000] {local_task_job_runner.py:228} INFO - Task exited with return code 0
[2025-03-10T18:49:52.132+0000] {taskinstance.py:2776} INFO - 0 downstream tasks scheduled from follow-on schedule check
