[2025-03-10T18:41:43.637+0000] {taskinstance.py:1157} INFO - Dependencies all met for dep_context=non-requeueable deps ti=<TaskInstance: openweather_data_lake.raw_to_staging scheduled__2025-03-10T12:00:00+00:00 [queued]>
[2025-03-10T18:41:43.644+0000] {taskinstance.py:1157} INFO - Dependencies all met for dep_context=requeueable deps ti=<TaskInstance: openweather_data_lake.raw_to_staging scheduled__2025-03-10T12:00:00+00:00 [queued]>
[2025-03-10T18:41:43.645+0000] {taskinstance.py:1359} INFO - Starting attempt 1 of 3
[2025-03-10T18:41:43.658+0000] {taskinstance.py:1380} INFO - Executing <Task(PythonOperator): raw_to_staging> on 2025-03-10 12:00:00+00:00
[2025-03-10T18:41:43.662+0000] {standard_task_runner.py:57} INFO - Started process 230 to run task
[2025-03-10T18:41:43.664+0000] {standard_task_runner.py:84} INFO - Running: ['***', 'tasks', 'run', 'openweather_data_lake', 'raw_to_staging', 'scheduled__2025-03-10T12:00:00+00:00', '--job-id', '7', '--raw', '--subdir', 'DAGS_FOLDER/openweather_data_lake.py', '--cfg-path', '/tmp/tmp1mbvgyf8']
[2025-03-10T18:41:43.668+0000] {standard_task_runner.py:85} INFO - Job 7: Subtask raw_to_staging
[2025-03-10T18:41:43.691+0000] {logging_mixin.py:151} WARNING - /home/***/.local/lib/python3.8/site-packages/***/settings.py:195 DeprecationWarning: The sql_alchemy_conn option in [core] has been moved to the sql_alchemy_conn option in [database] - the old setting has been used, but please update your config.
[2025-03-10T18:41:43.726+0000] {task_command.py:415} INFO - Running <TaskInstance: openweather_data_lake.raw_to_staging scheduled__2025-03-10T12:00:00+00:00 [running]> on host d8442e641ab0
[2025-03-10T18:41:43.778+0000] {taskinstance.py:1660} INFO - Exporting env vars: AIRFLOW_CTX_DAG_OWNER='***' AIRFLOW_CTX_DAG_ID='openweather_data_lake' AIRFLOW_CTX_TASK_ID='raw_to_staging' AIRFLOW_CTX_EXECUTION_DATE='2025-03-10T12:00:00+00:00' AIRFLOW_CTX_TRY_NUMBER='1' AIRFLOW_CTX_DAG_RUN_ID='scheduled__2025-03-10T12:00:00+00:00'
[2025-03-10T18:41:45.713+0000] {python.py:194} INFO - Done. Returned value was: None
[2025-03-10T18:41:45.747+0000] {taskinstance.py:1398} INFO - Marking task as SUCCESS. dag_id=openweather_data_lake, task_id=raw_to_staging, execution_date=20250310T120000, start_date=20250310T184143, end_date=20250310T184145
[2025-03-10T18:41:45.781+0000] {local_task_job_runner.py:228} INFO - Task exited with return code 0
[2025-03-10T18:41:45.818+0000] {taskinstance.py:2776} INFO - 1 downstream tasks scheduled from follow-on schedule check
[2025-03-10T18:43:37.702+0000] {taskinstance.py:1157} INFO - Dependencies all met for dep_context=non-requeueable deps ti=<TaskInstance: openweather_data_lake.raw_to_staging scheduled__2025-03-10T12:00:00+00:00 [queued]>
[2025-03-10T18:43:37.706+0000] {taskinstance.py:1157} INFO - Dependencies all met for dep_context=requeueable deps ti=<TaskInstance: openweather_data_lake.raw_to_staging scheduled__2025-03-10T12:00:00+00:00 [queued]>
[2025-03-10T18:43:37.707+0000] {taskinstance.py:1359} INFO - Starting attempt 1 of 3
[2025-03-10T18:43:37.712+0000] {taskinstance.py:1380} INFO - Executing <Task(PythonOperator): raw_to_staging> on 2025-03-10 12:00:00+00:00
[2025-03-10T18:43:37.719+0000] {standard_task_runner.py:57} INFO - Started process 518 to run task
[2025-03-10T18:43:37.722+0000] {standard_task_runner.py:84} INFO - Running: ['***', 'tasks', 'run', 'openweather_data_lake', 'raw_to_staging', 'scheduled__2025-03-10T12:00:00+00:00', '--job-id', '19', '--raw', '--subdir', 'DAGS_FOLDER/openweather_data_lake.py', '--cfg-path', '/tmp/tmp53_5b7q4']
[2025-03-10T18:43:37.724+0000] {standard_task_runner.py:85} INFO - Job 19: Subtask raw_to_staging
[2025-03-10T18:43:37.735+0000] {logging_mixin.py:151} WARNING - /home/***/.local/lib/python3.8/site-packages/***/settings.py:195 DeprecationWarning: The sql_alchemy_conn option in [core] has been moved to the sql_alchemy_conn option in [database] - the old setting has been used, but please update your config.
[2025-03-10T18:43:37.758+0000] {task_command.py:415} INFO - Running <TaskInstance: openweather_data_lake.raw_to_staging scheduled__2025-03-10T12:00:00+00:00 [running]> on host d8442e641ab0
[2025-03-10T18:43:37.798+0000] {taskinstance.py:1660} INFO - Exporting env vars: AIRFLOW_CTX_DAG_OWNER='***' AIRFLOW_CTX_DAG_ID='openweather_data_lake' AIRFLOW_CTX_TASK_ID='raw_to_staging' AIRFLOW_CTX_EXECUTION_DATE='2025-03-10T12:00:00+00:00' AIRFLOW_CTX_TRY_NUMBER='1' AIRFLOW_CTX_DAG_RUN_ID='scheduled__2025-03-10T12:00:00+00:00'
[2025-03-10T18:43:39.652+0000] {python.py:194} INFO - Done. Returned value was: None
[2025-03-10T18:43:39.681+0000] {taskinstance.py:1398} INFO - Marking task as SUCCESS. dag_id=openweather_data_lake, task_id=raw_to_staging, execution_date=20250310T120000, start_date=20250310T184337, end_date=20250310T184339
[2025-03-10T18:43:39.738+0000] {local_task_job_runner.py:228} INFO - Task exited with return code 0
[2025-03-10T18:43:39.770+0000] {taskinstance.py:2776} INFO - 1 downstream tasks scheduled from follow-on schedule check
[2025-03-10T18:49:56.046+0000] {taskinstance.py:1157} INFO - Dependencies all met for dep_context=non-requeueable deps ti=<TaskInstance: openweather_data_lake.raw_to_staging scheduled__2025-03-10T12:00:00+00:00 [queued]>
[2025-03-10T18:49:56.052+0000] {taskinstance.py:1157} INFO - Dependencies all met for dep_context=requeueable deps ti=<TaskInstance: openweather_data_lake.raw_to_staging scheduled__2025-03-10T12:00:00+00:00 [queued]>
[2025-03-10T18:49:56.052+0000] {taskinstance.py:1359} INFO - Starting attempt 1 of 3
[2025-03-10T18:49:56.059+0000] {taskinstance.py:1380} INFO - Executing <Task(PythonOperator): raw_to_staging> on 2025-03-10 12:00:00+00:00
[2025-03-10T18:49:56.064+0000] {standard_task_runner.py:57} INFO - Started process 218 to run task
[2025-03-10T18:49:56.066+0000] {standard_task_runner.py:84} INFO - Running: ['***', 'tasks', 'run', 'openweather_data_lake', 'raw_to_staging', 'scheduled__2025-03-10T12:00:00+00:00', '--job-id', '6', '--raw', '--subdir', 'DAGS_FOLDER/openweather_data_lake.py', '--cfg-path', '/tmp/tmp79b9fjtx']
[2025-03-10T18:49:56.070+0000] {standard_task_runner.py:85} INFO - Job 6: Subtask raw_to_staging
[2025-03-10T18:49:56.086+0000] {logging_mixin.py:151} WARNING - /home/***/.local/lib/python3.8/site-packages/***/settings.py:195 DeprecationWarning: The sql_alchemy_conn option in [core] has been moved to the sql_alchemy_conn option in [database] - the old setting has been used, but please update your config.
[2025-03-10T18:49:56.133+0000] {task_command.py:415} INFO - Running <TaskInstance: openweather_data_lake.raw_to_staging scheduled__2025-03-10T12:00:00+00:00 [running]> on host 5222d87982cb
[2025-03-10T18:49:56.221+0000] {taskinstance.py:1660} INFO - Exporting env vars: AIRFLOW_CTX_DAG_OWNER='***' AIRFLOW_CTX_DAG_ID='openweather_data_lake' AIRFLOW_CTX_TASK_ID='raw_to_staging' AIRFLOW_CTX_EXECUTION_DATE='2025-03-10T12:00:00+00:00' AIRFLOW_CTX_TRY_NUMBER='1' AIRFLOW_CTX_DAG_RUN_ID='scheduled__2025-03-10T12:00:00+00:00'
[2025-03-10T18:49:59.007+0000] {python.py:194} INFO - Done. Returned value was: None
[2025-03-10T18:49:59.065+0000] {taskinstance.py:1398} INFO - Marking task as SUCCESS. dag_id=openweather_data_lake, task_id=raw_to_staging, execution_date=20250310T120000, start_date=20250310T184956, end_date=20250310T184959
[2025-03-10T18:49:59.097+0000] {local_task_job_runner.py:228} INFO - Task exited with return code 0
[2025-03-10T18:49:59.133+0000] {taskinstance.py:2776} INFO - 1 downstream tasks scheduled from follow-on schedule check
