[2025-03-10T18:41:39.797+0000] {taskinstance.py:1157} INFO - Dependencies all met for dep_context=non-requeueable deps ti=<TaskInstance: openweather_data_lake.data_to_raw scheduled__2025-03-10T12:00:00+00:00 [queued]>
[2025-03-10T18:41:39.803+0000] {taskinstance.py:1157} INFO - Dependencies all met for dep_context=requeueable deps ti=<TaskInstance: openweather_data_lake.data_to_raw scheduled__2025-03-10T12:00:00+00:00 [queued]>
[2025-03-10T18:41:39.803+0000] {taskinstance.py:1359} INFO - Starting attempt 1 of 3
[2025-03-10T18:41:39.812+0000] {taskinstance.py:1380} INFO - Executing <Task(PythonOperator): data_to_raw> on 2025-03-10 12:00:00+00:00
[2025-03-10T18:41:39.823+0000] {standard_task_runner.py:57} INFO - Started process 184 to run task
[2025-03-10T18:41:39.825+0000] {standard_task_runner.py:84} INFO - Running: ['***', 'tasks', 'run', 'openweather_data_lake', 'data_to_raw', 'scheduled__2025-03-10T12:00:00+00:00', '--job-id', '5', '--raw', '--subdir', 'DAGS_FOLDER/openweather_data_lake.py', '--cfg-path', '/tmp/tmp8t4eesfc']
[2025-03-10T18:41:39.826+0000] {standard_task_runner.py:85} INFO - Job 5: Subtask data_to_raw
[2025-03-10T18:41:39.836+0000] {logging_mixin.py:151} WARNING - /home/***/.local/lib/python3.8/site-packages/***/settings.py:195 DeprecationWarning: The sql_alchemy_conn option in [core] has been moved to the sql_alchemy_conn option in [database] - the old setting has been used, but please update your config.
[2025-03-10T18:41:39.859+0000] {task_command.py:415} INFO - Running <TaskInstance: openweather_data_lake.data_to_raw scheduled__2025-03-10T12:00:00+00:00 [running]> on host d8442e641ab0
[2025-03-10T18:41:39.899+0000] {taskinstance.py:1660} INFO - Exporting env vars: AIRFLOW_CTX_DAG_OWNER='***' AIRFLOW_CTX_DAG_ID='openweather_data_lake' AIRFLOW_CTX_TASK_ID='data_to_raw' AIRFLOW_CTX_EXECUTION_DATE='2025-03-10T12:00:00+00:00' AIRFLOW_CTX_TRY_NUMBER='1' AIRFLOW_CTX_DAG_RUN_ID='scheduled__2025-03-10T12:00:00+00:00'
[2025-03-10T18:41:42.581+0000] {python.py:194} INFO - Done. Returned value was: None
[2025-03-10T18:41:42.602+0000] {taskinstance.py:1398} INFO - Marking task as SUCCESS. dag_id=openweather_data_lake, task_id=data_to_raw, execution_date=20250310T120000, start_date=20250310T184139, end_date=20250310T184142
[2025-03-10T18:41:42.626+0000] {local_task_job_runner.py:228} INFO - Task exited with return code 0
[2025-03-10T18:41:42.656+0000] {taskinstance.py:2776} INFO - 1 downstream tasks scheduled from follow-on schedule check
[2025-03-10T18:43:33.693+0000] {taskinstance.py:1157} INFO - Dependencies all met for dep_context=non-requeueable deps ti=<TaskInstance: openweather_data_lake.data_to_raw scheduled__2025-03-10T12:00:00+00:00 [queued]>
[2025-03-10T18:43:33.697+0000] {taskinstance.py:1157} INFO - Dependencies all met for dep_context=requeueable deps ti=<TaskInstance: openweather_data_lake.data_to_raw scheduled__2025-03-10T12:00:00+00:00 [queued]>
[2025-03-10T18:43:33.698+0000] {taskinstance.py:1359} INFO - Starting attempt 1 of 3
[2025-03-10T18:43:33.705+0000] {taskinstance.py:1380} INFO - Executing <Task(PythonOperator): data_to_raw> on 2025-03-10 12:00:00+00:00
[2025-03-10T18:43:33.714+0000] {standard_task_runner.py:57} INFO - Started process 471 to run task
[2025-03-10T18:43:33.720+0000] {standard_task_runner.py:84} INFO - Running: ['***', 'tasks', 'run', 'openweather_data_lake', 'data_to_raw', 'scheduled__2025-03-10T12:00:00+00:00', '--job-id', '16', '--raw', '--subdir', 'DAGS_FOLDER/openweather_data_lake.py', '--cfg-path', '/tmp/tmpdxl_jn_6']
[2025-03-10T18:43:33.728+0000] {standard_task_runner.py:85} INFO - Job 16: Subtask data_to_raw
[2025-03-10T18:43:33.759+0000] {logging_mixin.py:151} WARNING - /home/***/.local/lib/python3.8/site-packages/***/settings.py:195 DeprecationWarning: The sql_alchemy_conn option in [core] has been moved to the sql_alchemy_conn option in [database] - the old setting has been used, but please update your config.
[2025-03-10T18:43:33.805+0000] {task_command.py:415} INFO - Running <TaskInstance: openweather_data_lake.data_to_raw scheduled__2025-03-10T12:00:00+00:00 [running]> on host d8442e641ab0
[2025-03-10T18:43:33.880+0000] {taskinstance.py:1660} INFO - Exporting env vars: AIRFLOW_CTX_DAG_OWNER='***' AIRFLOW_CTX_DAG_ID='openweather_data_lake' AIRFLOW_CTX_TASK_ID='data_to_raw' AIRFLOW_CTX_EXECUTION_DATE='2025-03-10T12:00:00+00:00' AIRFLOW_CTX_TRY_NUMBER='1' AIRFLOW_CTX_DAG_RUN_ID='scheduled__2025-03-10T12:00:00+00:00'
[2025-03-10T18:43:36.513+0000] {python.py:194} INFO - Done. Returned value was: None
[2025-03-10T18:43:36.549+0000] {taskinstance.py:1398} INFO - Marking task as SUCCESS. dag_id=openweather_data_lake, task_id=data_to_raw, execution_date=20250310T120000, start_date=20250310T184333, end_date=20250310T184336
[2025-03-10T18:43:36.609+0000] {local_task_job_runner.py:228} INFO - Task exited with return code 0
[2025-03-10T18:43:36.660+0000] {taskinstance.py:2776} INFO - 1 downstream tasks scheduled from follow-on schedule check
[2025-03-10T18:49:52.607+0000] {taskinstance.py:1157} INFO - Dependencies all met for dep_context=non-requeueable deps ti=<TaskInstance: openweather_data_lake.data_to_raw scheduled__2025-03-10T12:00:00+00:00 [queued]>
[2025-03-10T18:49:52.614+0000] {taskinstance.py:1157} INFO - Dependencies all met for dep_context=requeueable deps ti=<TaskInstance: openweather_data_lake.data_to_raw scheduled__2025-03-10T12:00:00+00:00 [queued]>
[2025-03-10T18:49:52.614+0000] {taskinstance.py:1359} INFO - Starting attempt 1 of 3
[2025-03-10T18:49:52.623+0000] {taskinstance.py:1380} INFO - Executing <Task(PythonOperator): data_to_raw> on 2025-03-10 12:00:00+00:00
[2025-03-10T18:49:52.629+0000] {standard_task_runner.py:57} INFO - Started process 182 to run task
[2025-03-10T18:49:52.631+0000] {standard_task_runner.py:84} INFO - Running: ['***', 'tasks', 'run', 'openweather_data_lake', 'data_to_raw', 'scheduled__2025-03-10T12:00:00+00:00', '--job-id', '4', '--raw', '--subdir', 'DAGS_FOLDER/openweather_data_lake.py', '--cfg-path', '/tmp/tmpcr8lxzb9']
[2025-03-10T18:49:52.641+0000] {standard_task_runner.py:85} INFO - Job 4: Subtask data_to_raw
[2025-03-10T18:49:52.658+0000] {logging_mixin.py:151} WARNING - /home/***/.local/lib/python3.8/site-packages/***/settings.py:195 DeprecationWarning: The sql_alchemy_conn option in [core] has been moved to the sql_alchemy_conn option in [database] - the old setting has been used, but please update your config.
[2025-03-10T18:49:52.691+0000] {task_command.py:415} INFO - Running <TaskInstance: openweather_data_lake.data_to_raw scheduled__2025-03-10T12:00:00+00:00 [running]> on host 5222d87982cb
[2025-03-10T18:49:52.735+0000] {taskinstance.py:1660} INFO - Exporting env vars: AIRFLOW_CTX_DAG_OWNER='***' AIRFLOW_CTX_DAG_ID='openweather_data_lake' AIRFLOW_CTX_TASK_ID='data_to_raw' AIRFLOW_CTX_EXECUTION_DATE='2025-03-10T12:00:00+00:00' AIRFLOW_CTX_TRY_NUMBER='1' AIRFLOW_CTX_DAG_RUN_ID='scheduled__2025-03-10T12:00:00+00:00'
[2025-03-10T18:49:54.814+0000] {python.py:194} INFO - Done. Returned value was: None
[2025-03-10T18:49:54.834+0000] {taskinstance.py:1398} INFO - Marking task as SUCCESS. dag_id=openweather_data_lake, task_id=data_to_raw, execution_date=20250310T120000, start_date=20250310T184952, end_date=20250310T184954
[2025-03-10T18:49:54.860+0000] {local_task_job_runner.py:228} INFO - Task exited with return code 0
[2025-03-10T18:49:54.890+0000] {taskinstance.py:2776} INFO - 1 downstream tasks scheduled from follow-on schedule check
