[2025-01-11T17:48:14.195+0000] {manager.py:487} INFO - Processing files using up to 2 processes at a time 
[2025-01-11T17:48:14.196+0000] {manager.py:488} INFO - Process each file at most once every 30 seconds
[2025-01-11T17:48:14.196+0000] {manager.py:489} INFO - Checking for new files in /opt/airflow/dags every 300 seconds
[2025-01-11T17:48:14.197+0000] {manager.py:759} INFO - Searching for files in /opt/airflow/dags
[2025-01-11T17:48:14.199+0000] {manager.py:762} INFO - There are 0 files in /opt/airflow/dags
[2025-01-11T17:53:14.387+0000] {manager.py:759} INFO - Searching for files in /opt/airflow/dags
[2025-01-11T17:53:14.395+0000] {manager.py:762} INFO - There are 0 files in /opt/airflow/dags
[2025-01-11T17:58:14.438+0000] {manager.py:759} INFO - Searching for files in /opt/airflow/dags
[2025-01-11T17:58:14.442+0000] {manager.py:762} INFO - There are 0 files in /opt/airflow/dags
[2025-01-11T18:03:14.458+0000] {manager.py:759} INFO - Searching for files in /opt/airflow/dags
[2025-01-11T18:03:14.465+0000] {manager.py:762} INFO - There are 0 files in /opt/airflow/dags
[2025-01-11T18:08:15.418+0000] {manager.py:759} INFO - Searching for files in /opt/airflow/dags
[2025-01-11T18:08:15.427+0000] {manager.py:762} INFO - There are 0 files in /opt/airflow/dags
[2025-01-11T18:13:16.379+0000] {manager.py:759} INFO - Searching for files in /opt/airflow/dags
[2025-01-11T18:13:16.391+0000] {manager.py:762} INFO - There are 0 files in /opt/airflow/dags
[2025-01-11T18:18:16.515+0000] {manager.py:759} INFO - Searching for files in /opt/airflow/dags
[2025-01-11T18:18:16.526+0000] {manager.py:762} INFO - There are 0 files in /opt/airflow/dags
[2025-01-11T18:23:16.990+0000] {manager.py:759} INFO - Searching for files in /opt/airflow/dags
[2025-01-11T18:23:17.001+0000] {manager.py:762} INFO - There are 0 files in /opt/airflow/dags
[2025-01-11T18:28:17.462+0000] {manager.py:759} INFO - Searching for files in /opt/airflow/dags
[2025-01-11T18:28:17.470+0000] {manager.py:762} INFO - There are 0 files in /opt/airflow/dags
[2025-01-11T18:33:17.856+0000] {manager.py:759} INFO - Searching for files in /opt/airflow/dags
[2025-01-11T18:33:17.860+0000] {manager.py:762} INFO - There are 0 files in /opt/airflow/dags
[2025-01-11T18:34:45.387+0000] {manager.py:469} INFO - Exiting gracefully upon receiving signal 15
[2025-01-12T12:00:16.813+0000] {manager.py:487} INFO - Processing files using up to 2 processes at a time 
[2025-01-12T12:00:16.814+0000] {manager.py:488} INFO - Process each file at most once every 30 seconds
[2025-01-12T12:00:16.815+0000] {manager.py:489} INFO - Checking for new files in /opt/airflow/dags every 300 seconds
[2025-01-12T12:00:16.815+0000] {manager.py:759} INFO - Searching for files in /opt/airflow/dags
[2025-01-12T12:00:16.817+0000] {manager.py:762} INFO - There are 0 files in /opt/airflow/dags
[2025-01-12T12:05:17.220+0000] {manager.py:759} INFO - Searching for files in /opt/airflow/dags
[2025-01-12T12:05:17.226+0000] {manager.py:762} INFO - There are 0 files in /opt/airflow/dags
[2025-01-12T12:10:17.966+0000] {manager.py:759} INFO - Searching for files in /opt/airflow/dags
[2025-01-12T12:10:17.972+0000] {manager.py:762} INFO - There are 0 files in /opt/airflow/dags
[2025-01-12T12:15:18.131+0000] {manager.py:759} INFO - Searching for files in /opt/airflow/dags
[2025-01-12T12:15:18.142+0000] {manager.py:762} INFO - There are 0 files in /opt/airflow/dags
[2025-01-12T12:39:57.328+0000] {manager.py:487} INFO - Processing files using up to 2 processes at a time 
[2025-01-12T12:39:57.329+0000] {manager.py:488} INFO - Process each file at most once every 30 seconds
[2025-01-12T12:39:57.329+0000] {manager.py:489} INFO - Checking for new files in /opt/airflow/dags every 300 seconds
[2025-01-12T12:39:57.330+0000] {manager.py:759} INFO - Searching for files in /opt/airflow/dags
[2025-01-12T12:39:57.332+0000] {manager.py:762} INFO - There are 0 files in /opt/airflow/dags
[2025-01-12T12:44:58.036+0000] {manager.py:759} INFO - Searching for files in /opt/airflow/dags
[2025-01-12T12:44:58.046+0000] {manager.py:762} INFO - There are 0 files in /opt/airflow/dags
[2025-01-12T12:49:58.037+0000] {manager.py:759} INFO - Searching for files in /opt/airflow/dags
[2025-01-12T12:49:58.048+0000] {manager.py:762} INFO - There are 0 files in /opt/airflow/dags
[2025-01-12T12:54:58.989+0000] {manager.py:759} INFO - Searching for files in /opt/airflow/dags
[2025-01-12T12:54:58.996+0000] {manager.py:762} INFO - There are 0 files in /opt/airflow/dags
[2025-01-12T12:59:59.868+0000] {manager.py:759} INFO - Searching for files in /opt/airflow/dags
[2025-01-12T12:59:59.878+0000] {manager.py:762} INFO - There are 0 files in /opt/airflow/dags
[2025-01-12T13:05:00.838+0000] {manager.py:759} INFO - Searching for files in /opt/airflow/dags
[2025-01-12T13:05:00.846+0000] {manager.py:762} INFO - There are 0 files in /opt/airflow/dags
[2025-01-12T13:10:00.885+0000] {manager.py:759} INFO - Searching for files in /opt/airflow/dags
[2025-01-12T13:10:00.892+0000] {manager.py:762} INFO - There are 0 files in /opt/airflow/dags
[2025-01-12T13:15:01.315+0000] {manager.py:759} INFO - Searching for files in /opt/airflow/dags
[2025-01-12T13:15:01.322+0000] {manager.py:762} INFO - There are 0 files in /opt/airflow/dags
[2025-01-12T13:20:01.542+0000] {manager.py:759} INFO - Searching for files in /opt/airflow/dags
[2025-01-12T13:20:01.550+0000] {manager.py:762} INFO - There are 0 files in /opt/airflow/dags
[2025-01-12T13:25:02.403+0000] {manager.py:759} INFO - Searching for files in /opt/airflow/dags
[2025-01-12T13:25:02.412+0000] {manager.py:762} INFO - There are 0 files in /opt/airflow/dags
[2025-01-12T13:30:02.730+0000] {manager.py:759} INFO - Searching for files in /opt/airflow/dags
[2025-01-12T13:30:02.737+0000] {manager.py:762} INFO - There are 0 files in /opt/airflow/dags
[2025-01-12T13:35:03.007+0000] {manager.py:759} INFO - Searching for files in /opt/airflow/dags
[2025-01-12T13:35:03.078+0000] {manager.py:762} INFO - There are 0 files in /opt/airflow/dags
[2025-01-12T13:40:03.334+0000] {manager.py:759} INFO - Searching for files in /opt/airflow/dags
[2025-01-12T13:40:03.346+0000] {manager.py:762} INFO - There are 0 files in /opt/airflow/dags
[2025-01-12T13:45:03.623+0000] {manager.py:759} INFO - Searching for files in /opt/airflow/dags
[2025-01-12T13:45:03.639+0000] {manager.py:762} INFO - There are 0 files in /opt/airflow/dags
[2025-01-12T13:50:04.062+0000] {manager.py:759} INFO - Searching for files in /opt/airflow/dags
[2025-01-12T13:50:04.070+0000] {manager.py:762} INFO - There are 0 files in /opt/airflow/dags
[2025-01-12T13:55:04.381+0000] {manager.py:759} INFO - Searching for files in /opt/airflow/dags
[2025-01-12T13:55:04.392+0000] {manager.py:762} INFO - There are 0 files in /opt/airflow/dags
[2025-01-12T14:00:04.731+0000] {manager.py:759} INFO - Searching for files in /opt/airflow/dags
[2025-01-12T14:00:04.739+0000] {manager.py:762} INFO - There are 0 files in /opt/airflow/dags
[2025-01-12T14:05:05.278+0000] {manager.py:759} INFO - Searching for files in /opt/airflow/dags
[2025-01-12T14:05:05.285+0000] {manager.py:762} INFO - There are 0 files in /opt/airflow/dags
[2025-01-12T14:10:05.452+0000] {manager.py:759} INFO - Searching for files in /opt/airflow/dags
[2025-01-12T14:10:05.461+0000] {manager.py:762} INFO - There are 0 files in /opt/airflow/dags
[2025-01-12T14:15:05.883+0000] {manager.py:759} INFO - Searching for files in /opt/airflow/dags
[2025-01-12T14:15:05.891+0000] {manager.py:762} INFO - There are 0 files in /opt/airflow/dags
[2025-01-12T14:20:06.363+0000] {manager.py:759} INFO - Searching for files in /opt/airflow/dags
[2025-01-12T14:20:06.377+0000] {manager.py:762} INFO - There are 0 files in /opt/airflow/dags
[2025-01-12T14:25:06.727+0000] {manager.py:759} INFO - Searching for files in /opt/airflow/dags
[2025-01-12T14:25:06.734+0000] {manager.py:762} INFO - There are 0 files in /opt/airflow/dags
[2025-01-12T14:30:06.787+0000] {manager.py:759} INFO - Searching for files in /opt/airflow/dags
[2025-01-12T14:30:06.795+0000] {manager.py:762} INFO - There are 0 files in /opt/airflow/dags
[2025-01-12T14:35:06.812+0000] {manager.py:759} INFO - Searching for files in /opt/airflow/dags
[2025-01-12T14:35:06.819+0000] {manager.py:762} INFO - There are 0 files in /opt/airflow/dags
[2025-01-12T14:40:07.262+0000] {manager.py:759} INFO - Searching for files in /opt/airflow/dags
[2025-01-12T14:40:07.271+0000] {manager.py:762} INFO - There are 0 files in /opt/airflow/dags
[2025-01-12T14:45:07.842+0000] {manager.py:759} INFO - Searching for files in /opt/airflow/dags
[2025-01-12T14:45:07.848+0000] {manager.py:762} INFO - There are 0 files in /opt/airflow/dags
[2025-01-12T14:50:08.028+0000] {manager.py:759} INFO - Searching for files in /opt/airflow/dags
[2025-01-12T14:50:08.038+0000] {manager.py:762} INFO - There are 0 files in /opt/airflow/dags
[2025-01-12T14:55:08.403+0000] {manager.py:759} INFO - Searching for files in /opt/airflow/dags
[2025-01-12T14:55:08.411+0000] {manager.py:762} INFO - There are 0 files in /opt/airflow/dags
[2025-01-12T15:00:08.785+0000] {manager.py:759} INFO - Searching for files in /opt/airflow/dags
[2025-01-12T15:00:08.791+0000] {manager.py:762} INFO - There are 0 files in /opt/airflow/dags
[2025-01-12T15:05:09.190+0000] {manager.py:759} INFO - Searching for files in /opt/airflow/dags
[2025-01-12T15:05:09.199+0000] {manager.py:762} INFO - There are 0 files in /opt/airflow/dags
[2025-01-12T15:10:09.658+0000] {manager.py:759} INFO - Searching for files in /opt/airflow/dags
[2025-01-12T15:10:09.672+0000] {manager.py:762} INFO - There are 0 files in /opt/airflow/dags
[2025-01-12T15:15:10.520+0000] {manager.py:759} INFO - Searching for files in /opt/airflow/dags
[2025-01-12T15:15:10.528+0000] {manager.py:762} INFO - There are 0 files in /opt/airflow/dags
[2025-01-12T15:20:11.300+0000] {manager.py:759} INFO - Searching for files in /opt/airflow/dags
[2025-01-12T15:20:11.307+0000] {manager.py:762} INFO - There are 0 files in /opt/airflow/dags
[2025-01-12T15:25:11.665+0000] {manager.py:759} INFO - Searching for files in /opt/airflow/dags
[2025-01-12T15:25:11.676+0000] {manager.py:762} INFO - There are 0 files in /opt/airflow/dags
[2025-01-12T15:30:12.123+0000] {manager.py:759} INFO - Searching for files in /opt/airflow/dags
[2025-01-12T15:30:12.131+0000] {manager.py:762} INFO - There are 0 files in /opt/airflow/dags
[2025-01-12T15:35:12.664+0000] {manager.py:759} INFO - Searching for files in /opt/airflow/dags
[2025-01-12T15:35:12.673+0000] {manager.py:762} INFO - There are 0 files in /opt/airflow/dags
[2025-01-12T15:40:12.928+0000] {manager.py:759} INFO - Searching for files in /opt/airflow/dags
[2025-01-12T15:40:12.939+0000] {manager.py:762} INFO - There are 0 files in /opt/airflow/dags
[2025-01-12T15:45:13.472+0000] {manager.py:759} INFO - Searching for files in /opt/airflow/dags
[2025-01-12T15:45:13.478+0000] {manager.py:762} INFO - There are 0 files in /opt/airflow/dags
[2025-01-12T15:50:13.817+0000] {manager.py:759} INFO - Searching for files in /opt/airflow/dags
[2025-01-12T15:50:13.827+0000] {manager.py:762} INFO - There are 0 files in /opt/airflow/dags
[2025-01-12T15:55:13.911+0000] {manager.py:759} INFO - Searching for files in /opt/airflow/dags
[2025-01-12T15:55:13.920+0000] {manager.py:762} INFO - There are 0 files in /opt/airflow/dags
[2025-01-12T16:00:14.141+0000] {manager.py:759} INFO - Searching for files in /opt/airflow/dags
[2025-01-12T16:00:14.148+0000] {manager.py:762} INFO - There are 0 files in /opt/airflow/dags
[2025-01-12T16:05:14.465+0000] {manager.py:759} INFO - Searching for files in /opt/airflow/dags
[2025-01-12T16:05:14.474+0000] {manager.py:762} INFO - There are 0 files in /opt/airflow/dags
[2025-01-12T16:10:14.974+0000] {manager.py:759} INFO - Searching for files in /opt/airflow/dags
[2025-01-12T16:10:14.988+0000] {manager.py:762} INFO - There are 0 files in /opt/airflow/dags
[2025-01-12T16:15:15.270+0000] {manager.py:759} INFO - Searching for files in /opt/airflow/dags
[2025-01-12T16:15:15.274+0000] {manager.py:762} INFO - There are 0 files in /opt/airflow/dags
[2025-01-12T16:20:15.297+0000] {manager.py:759} INFO - Searching for files in /opt/airflow/dags
[2025-01-12T16:20:15.302+0000] {manager.py:762} INFO - There are 0 files in /opt/airflow/dags
[2025-01-12T16:25:15.560+0000] {manager.py:759} INFO - Searching for files in /opt/airflow/dags
[2025-01-12T16:25:15.570+0000] {manager.py:762} INFO - There are 0 files in /opt/airflow/dags
[2025-01-12T16:30:15.956+0000] {manager.py:759} INFO - Searching for files in /opt/airflow/dags
[2025-01-12T16:30:15.966+0000] {manager.py:762} INFO - There are 0 files in /opt/airflow/dags
[2025-01-12T16:35:16.348+0000] {manager.py:759} INFO - Searching for files in /opt/airflow/dags
[2025-01-12T16:35:16.359+0000] {manager.py:762} INFO - There are 0 files in /opt/airflow/dags
[2025-01-12T16:40:16.718+0000] {manager.py:759} INFO - Searching for files in /opt/airflow/dags
[2025-01-12T16:40:16.726+0000] {manager.py:762} INFO - There are 0 files in /opt/airflow/dags
[2025-01-12T16:45:17.235+0000] {manager.py:759} INFO - Searching for files in /opt/airflow/dags
[2025-01-12T16:45:17.243+0000] {manager.py:762} INFO - There are 0 files in /opt/airflow/dags
[2025-01-12T16:50:17.551+0000] {manager.py:759} INFO - Searching for files in /opt/airflow/dags
[2025-01-12T16:50:17.568+0000] {manager.py:762} INFO - There are 0 files in /opt/airflow/dags
[2025-01-12T16:55:17.850+0000] {manager.py:759} INFO - Searching for files in /opt/airflow/dags
[2025-01-12T16:55:17.856+0000] {manager.py:762} INFO - There are 0 files in /opt/airflow/dags
[2025-01-12T17:00:13.731+0000] {manager.py:469} INFO - Exiting gracefully upon receiving signal 15
[2025-01-13T12:23:05.700+0000] {manager.py:487} INFO - Processing files using up to 2 processes at a time 
[2025-01-13T12:23:05.701+0000] {manager.py:488} INFO - Process each file at most once every 30 seconds
[2025-01-13T12:23:05.701+0000] {manager.py:489} INFO - Checking for new files in /opt/airflow/dags every 300 seconds
[2025-01-13T12:23:05.701+0000] {manager.py:759} INFO - Searching for files in /opt/airflow/dags
[2025-01-13T12:23:05.702+0000] {manager.py:762} INFO - There are 0 files in /opt/airflow/dags
[2025-01-13T12:28:06.011+0000] {manager.py:759} INFO - Searching for files in /opt/airflow/dags
[2025-01-13T12:28:06.021+0000] {manager.py:762} INFO - There are 0 files in /opt/airflow/dags
[2025-01-13T12:33:06.501+0000] {manager.py:759} INFO - Searching for files in /opt/airflow/dags
[2025-01-13T12:33:06.512+0000] {manager.py:762} INFO - There are 0 files in /opt/airflow/dags
[2025-01-13T12:38:07.260+0000] {manager.py:759} INFO - Searching for files in /opt/airflow/dags
[2025-01-13T12:38:07.265+0000] {manager.py:762} INFO - There are 0 files in /opt/airflow/dags
[2025-01-13T12:43:07.953+0000] {manager.py:759} INFO - Searching for files in /opt/airflow/dags
[2025-01-13T12:43:07.959+0000] {manager.py:762} INFO - There are 0 files in /opt/airflow/dags
[2025-01-13T12:48:08.739+0000] {manager.py:759} INFO - Searching for files in /opt/airflow/dags
[2025-01-13T12:48:08.751+0000] {manager.py:762} INFO - There are 0 files in /opt/airflow/dags
[2025-01-13T12:53:09.490+0000] {manager.py:759} INFO - Searching for files in /opt/airflow/dags
[2025-01-13T12:53:09.496+0000] {manager.py:762} INFO - There are 0 files in /opt/airflow/dags
[2025-01-13T12:58:10.352+0000] {manager.py:759} INFO - Searching for files in /opt/airflow/dags
[2025-01-13T12:58:10.355+0000] {manager.py:762} INFO - There are 0 files in /opt/airflow/dags
[2025-01-13T13:03:11.176+0000] {manager.py:759} INFO - Searching for files in /opt/airflow/dags
[2025-01-13T13:03:11.182+0000] {manager.py:762} INFO - There are 0 files in /opt/airflow/dags
[2025-01-13T13:08:12.004+0000] {manager.py:759} INFO - Searching for files in /opt/airflow/dags
[2025-01-13T13:08:12.027+0000] {manager.py:762} INFO - There are 0 files in /opt/airflow/dags
[2025-01-13T13:20:22.613+0000] {manager.py:759} INFO - Searching for files in /opt/airflow/dags
[2025-01-13T13:20:22.620+0000] {manager.py:762} INFO - There are 0 files in /opt/airflow/dags
[2025-01-13T13:25:23.365+0000] {manager.py:759} INFO - Searching for files in /opt/airflow/dags
[2025-01-13T13:25:23.374+0000] {manager.py:762} INFO - There are 0 files in /opt/airflow/dags
[2025-01-13T13:30:24.045+0000] {manager.py:759} INFO - Searching for files in /opt/airflow/dags
[2025-01-13T13:30:24.053+0000] {manager.py:762} INFO - There are 0 files in /opt/airflow/dags
[2025-01-13T13:35:24.749+0000] {manager.py:759} INFO - Searching for files in /opt/airflow/dags
[2025-01-13T13:35:24.756+0000] {manager.py:762} INFO - There are 0 files in /opt/airflow/dags
[2025-01-13T13:40:25.471+0000] {manager.py:759} INFO - Searching for files in /opt/airflow/dags
[2025-01-13T13:40:25.476+0000] {manager.py:762} INFO - There are 0 files in /opt/airflow/dags
[2025-01-13T13:45:26.091+0000] {manager.py:759} INFO - Searching for files in /opt/airflow/dags
[2025-01-13T13:45:26.097+0000] {manager.py:762} INFO - There are 0 files in /opt/airflow/dags
[2025-01-13T13:50:26.690+0000] {manager.py:759} INFO - Searching for files in /opt/airflow/dags
[2025-01-13T13:50:26.694+0000] {manager.py:762} INFO - There are 0 files in /opt/airflow/dags
[2025-01-13T13:55:27.399+0000] {manager.py:759} INFO - Searching for files in /opt/airflow/dags
[2025-01-13T13:55:27.409+0000] {manager.py:762} INFO - There are 0 files in /opt/airflow/dags
[2025-01-13T14:00:28.079+0000] {manager.py:759} INFO - Searching for files in /opt/airflow/dags
[2025-01-13T14:00:28.087+0000] {manager.py:762} INFO - There are 0 files in /opt/airflow/dags
[2025-01-13T14:05:28.877+0000] {manager.py:759} INFO - Searching for files in /opt/airflow/dags
[2025-01-13T14:05:28.884+0000] {manager.py:762} INFO - There are 0 files in /opt/airflow/dags
[2025-01-13T14:10:29.558+0000] {manager.py:759} INFO - Searching for files in /opt/airflow/dags
[2025-01-13T14:10:29.562+0000] {manager.py:762} INFO - There are 0 files in /opt/airflow/dags
[2025-01-13T14:15:30.282+0000] {manager.py:759} INFO - Searching for files in /opt/airflow/dags
[2025-01-13T14:15:30.289+0000] {manager.py:762} INFO - There are 0 files in /opt/airflow/dags
[2025-01-13T14:20:30.901+0000] {manager.py:759} INFO - Searching for files in /opt/airflow/dags
[2025-01-13T14:20:30.908+0000] {manager.py:762} INFO - There are 0 files in /opt/airflow/dags
[2025-01-13T14:25:31.639+0000] {manager.py:759} INFO - Searching for files in /opt/airflow/dags
[2025-01-13T14:25:31.651+0000] {manager.py:762} INFO - There are 0 files in /opt/airflow/dags
[2025-01-13T14:39:41.841+0000] {manager.py:759} INFO - Searching for files in /opt/airflow/dags
[2025-01-13T14:39:41.845+0000] {manager.py:762} INFO - There are 0 files in /opt/airflow/dags
[2025-01-13T14:44:42.475+0000] {manager.py:759} INFO - Searching for files in /opt/airflow/dags
[2025-01-13T14:44:42.483+0000] {manager.py:762} INFO - There are 0 files in /opt/airflow/dags
[2025-01-13T14:49:43.330+0000] {manager.py:759} INFO - Searching for files in /opt/airflow/dags
[2025-01-13T14:49:43.344+0000] {manager.py:762} INFO - There are 0 files in /opt/airflow/dags
[2025-01-13T14:54:44.136+0000] {manager.py:759} INFO - Searching for files in /opt/airflow/dags
[2025-01-13T14:54:44.143+0000] {manager.py:762} INFO - There are 0 files in /opt/airflow/dags
[2025-01-13T14:59:44.964+0000] {manager.py:759} INFO - Searching for files in /opt/airflow/dags
[2025-01-13T14:59:44.972+0000] {manager.py:762} INFO - There are 0 files in /opt/airflow/dags
[2025-01-13T15:04:45.733+0000] {manager.py:759} INFO - Searching for files in /opt/airflow/dags
[2025-01-13T15:04:45.741+0000] {manager.py:762} INFO - There are 0 files in /opt/airflow/dags
[2025-01-13T15:09:46.506+0000] {manager.py:759} INFO - Searching for files in /opt/airflow/dags
[2025-01-13T15:09:46.512+0000] {manager.py:762} INFO - There are 0 files in /opt/airflow/dags
[2025-01-13T15:14:47.312+0000] {manager.py:759} INFO - Searching for files in /opt/airflow/dags
[2025-01-13T15:14:47.318+0000] {manager.py:762} INFO - There are 0 files in /opt/airflow/dags
[2025-01-13T15:19:47.382+0000] {manager.py:759} INFO - Searching for files in /opt/airflow/dags
[2025-01-13T15:19:47.394+0000] {manager.py:762} INFO - There are 0 files in /opt/airflow/dags
[2025-01-13T15:24:48.385+0000] {manager.py:759} INFO - Searching for files in /opt/airflow/dags
[2025-01-13T15:24:48.391+0000] {manager.py:762} INFO - There are 0 files in /opt/airflow/dags
[2025-01-13T15:29:49.193+0000] {manager.py:759} INFO - Searching for files in /opt/airflow/dags
[2025-01-13T15:29:49.203+0000] {manager.py:762} INFO - There are 0 files in /opt/airflow/dags
[2025-01-13T15:34:49.892+0000] {manager.py:759} INFO - Searching for files in /opt/airflow/dags
[2025-01-13T15:34:49.902+0000] {manager.py:762} INFO - There are 0 files in /opt/airflow/dags
[2025-01-13T15:39:50.022+0000] {manager.py:759} INFO - Searching for files in /opt/airflow/dags
[2025-01-13T15:39:50.034+0000] {manager.py:762} INFO - There are 0 files in /opt/airflow/dags
[2025-01-13T15:44:50.050+0000] {manager.py:759} INFO - Searching for files in /opt/airflow/dags
[2025-01-13T15:44:50.061+0000] {manager.py:762} INFO - There are 0 files in /opt/airflow/dags
[2025-01-13T15:49:50.816+0000] {manager.py:759} INFO - Searching for files in /opt/airflow/dags
[2025-01-13T15:49:50.867+0000] {manager.py:762} INFO - There are 0 files in /opt/airflow/dags
[2025-01-13T15:54:50.862+0000] {manager.py:759} INFO - Searching for files in /opt/airflow/dags
[2025-01-13T15:54:50.875+0000] {manager.py:762} INFO - There are 0 files in /opt/airflow/dags
[2025-01-15T15:43:52.722+0000] {manager.py:487} INFO - Processing files using up to 2 processes at a time 
[2025-01-15T15:43:52.725+0000] {manager.py:488} INFO - Process each file at most once every 30 seconds
[2025-01-15T15:43:52.727+0000] {manager.py:489} INFO - Checking for new files in /opt/airflow/dags every 300 seconds
[2025-01-15T15:43:52.730+0000] {manager.py:759} INFO - Searching for files in /opt/airflow/dags
[2025-01-15T15:43:52.746+0000] {manager.py:762} INFO - There are 0 files in /opt/airflow/dags
[2025-01-15T15:48:53.202+0000] {manager.py:759} INFO - Searching for files in /opt/airflow/dags
[2025-01-15T15:48:53.209+0000] {manager.py:762} INFO - There are 0 files in /opt/airflow/dags
[2025-01-15T15:49:58.667+0000] {manager.py:469} INFO - Exiting gracefully upon receiving signal 15
[2025-01-20T14:59:29.787+0000] {manager.py:487} INFO - Processing files using up to 2 processes at a time 
[2025-01-20T14:59:29.789+0000] {manager.py:488} INFO - Process each file at most once every 30 seconds
[2025-01-20T14:59:29.790+0000] {manager.py:489} INFO - Checking for new files in /opt/airflow/dags every 300 seconds
[2025-01-20T14:59:29.791+0000] {manager.py:759} INFO - Searching for files in /opt/airflow/dags
[2025-01-20T14:59:29.793+0000] {manager.py:762} INFO - There are 0 files in /opt/airflow/dags
[2025-01-20T15:04:30.159+0000] {manager.py:759} INFO - Searching for files in /opt/airflow/dags
[2025-01-20T15:04:30.168+0000] {manager.py:762} INFO - There are 0 files in /opt/airflow/dags
[2025-01-20T15:09:30.383+0000] {manager.py:759} INFO - Searching for files in /opt/airflow/dags
[2025-01-20T15:09:30.393+0000] {manager.py:762} INFO - There are 0 files in /opt/airflow/dags
[2025-01-20T15:14:30.461+0000] {manager.py:759} INFO - Searching for files in /opt/airflow/dags
[2025-01-20T15:14:30.474+0000] {manager.py:762} INFO - There are 0 files in /opt/airflow/dags
[2025-01-20T15:19:30.515+0000] {manager.py:759} INFO - Searching for files in /opt/airflow/dags
[2025-01-20T15:19:30.520+0000] {manager.py:762} INFO - There are 0 files in /opt/airflow/dags
[2025-01-20T15:24:30.820+0000] {manager.py:759} INFO - Searching for files in /opt/airflow/dags
[2025-01-20T15:24:30.832+0000] {manager.py:762} INFO - There are 0 files in /opt/airflow/dags
[2025-01-20T15:29:30.861+0000] {manager.py:759} INFO - Searching for files in /opt/airflow/dags
[2025-01-20T15:29:30.868+0000] {manager.py:762} INFO - There are 0 files in /opt/airflow/dags
[2025-01-20T15:34:31.199+0000] {manager.py:759} INFO - Searching for files in /opt/airflow/dags
[2025-01-20T15:34:31.211+0000] {manager.py:762} INFO - There are 0 files in /opt/airflow/dags
[2025-01-20T15:39:31.440+0000] {manager.py:759} INFO - Searching for files in /opt/airflow/dags
[2025-01-20T15:39:31.451+0000] {manager.py:762} INFO - There are 0 files in /opt/airflow/dags
[2025-01-20T15:44:31.631+0000] {manager.py:759} INFO - Searching for files in /opt/airflow/dags
[2025-01-20T15:44:31.643+0000] {manager.py:762} INFO - There are 0 files in /opt/airflow/dags
[2025-01-20T15:49:31.997+0000] {manager.py:759} INFO - Searching for files in /opt/airflow/dags
[2025-01-20T15:49:32.008+0000] {manager.py:762} INFO - There are 0 files in /opt/airflow/dags
[2025-01-20T15:54:32.189+0000] {manager.py:759} INFO - Searching for files in /opt/airflow/dags
[2025-01-20T15:54:32.206+0000] {manager.py:762} INFO - There are 0 files in /opt/airflow/dags
[2025-01-20T15:59:32.738+0000] {manager.py:759} INFO - Searching for files in /opt/airflow/dags
[2025-01-20T15:59:32.749+0000] {manager.py:762} INFO - There are 0 files in /opt/airflow/dags
[2025-01-20T16:04:33.291+0000] {manager.py:759} INFO - Searching for files in /opt/airflow/dags
[2025-01-20T16:04:33.299+0000] {manager.py:762} INFO - There are 0 files in /opt/airflow/dags
[2025-01-20T16:06:33.696+0000] {manager.py:469} INFO - Exiting gracefully upon receiving signal 15
[2025-01-20T18:32:37.959+0000] {manager.py:487} INFO - Processing files using up to 2 processes at a time 
[2025-01-20T18:32:37.960+0000] {manager.py:488} INFO - Process each file at most once every 30 seconds
[2025-01-20T18:32:37.960+0000] {manager.py:489} INFO - Checking for new files in /opt/airflow/dags every 300 seconds
[2025-01-20T18:32:37.960+0000] {manager.py:759} INFO - Searching for files in /opt/airflow/dags
[2025-01-20T18:32:37.960+0000] {manager.py:762} INFO - There are 0 files in /opt/airflow/dags
[2025-01-20T18:37:38.411+0000] {manager.py:759} INFO - Searching for files in /opt/airflow/dags
[2025-01-20T18:37:38.422+0000] {manager.py:762} INFO - There are 0 files in /opt/airflow/dags
[2025-01-20T18:42:38.432+0000] {manager.py:759} INFO - Searching for files in /opt/airflow/dags
[2025-01-20T18:42:38.499+0000] {manager.py:762} INFO - There are 0 files in /opt/airflow/dags
[2025-01-20T18:47:39.432+0000] {manager.py:759} INFO - Searching for files in /opt/airflow/dags
[2025-01-20T18:47:39.442+0000] {manager.py:762} INFO - There are 0 files in /opt/airflow/dags
[2025-01-20T18:52:40.385+0000] {manager.py:759} INFO - Searching for files in /opt/airflow/dags
[2025-01-20T18:52:40.392+0000] {manager.py:762} INFO - There are 0 files in /opt/airflow/dags
[2025-01-20T18:57:41.271+0000] {manager.py:759} INFO - Searching for files in /opt/airflow/dags
[2025-01-20T18:57:41.275+0000] {manager.py:762} INFO - There are 0 files in /opt/airflow/dags
[2025-01-20T19:02:42.082+0000] {manager.py:759} INFO - Searching for files in /opt/airflow/dags
[2025-01-20T19:02:42.090+0000] {manager.py:762} INFO - There are 0 files in /opt/airflow/dags
[2025-01-20T19:07:42.175+0000] {manager.py:759} INFO - Searching for files in /opt/airflow/dags
[2025-01-20T19:07:42.185+0000] {manager.py:762} INFO - There are 0 files in /opt/airflow/dags
[2025-01-20T19:12:42.343+0000] {manager.py:759} INFO - Searching for files in /opt/airflow/dags
[2025-01-20T19:12:42.354+0000] {manager.py:762} INFO - There are 0 files in /opt/airflow/dags
[2025-01-20T19:17:43.203+0000] {manager.py:759} INFO - Searching for files in /opt/airflow/dags
[2025-01-20T19:17:43.217+0000] {manager.py:762} INFO - There are 0 files in /opt/airflow/dags
[2025-01-20T19:22:44.090+0000] {manager.py:759} INFO - Searching for files in /opt/airflow/dags
[2025-01-20T19:22:44.099+0000] {manager.py:762} INFO - There are 0 files in /opt/airflow/dags
[2025-01-20T19:27:44.170+0000] {manager.py:759} INFO - Searching for files in /opt/airflow/dags
[2025-01-20T19:27:44.180+0000] {manager.py:762} INFO - There are 0 files in /opt/airflow/dags
[2025-01-20T19:32:44.418+0000] {manager.py:759} INFO - Searching for files in /opt/airflow/dags
[2025-01-20T19:32:44.424+0000] {manager.py:762} INFO - There are 0 files in /opt/airflow/dags
[2025-01-20T19:37:44.462+0000] {manager.py:759} INFO - Searching for files in /opt/airflow/dags
[2025-01-20T19:37:44.471+0000] {manager.py:762} INFO - There are 0 files in /opt/airflow/dags
[2025-01-20T19:42:44.485+0000] {manager.py:759} INFO - Searching for files in /opt/airflow/dags
[2025-01-20T19:42:44.494+0000] {manager.py:762} INFO - There are 0 files in /opt/airflow/dags
[2025-01-20T19:47:44.647+0000] {manager.py:759} INFO - Searching for files in /opt/airflow/dags
[2025-01-20T19:47:44.652+0000] {manager.py:762} INFO - There are 0 files in /opt/airflow/dags
[2025-01-20T19:52:44.687+0000] {manager.py:759} INFO - Searching for files in /opt/airflow/dags
[2025-01-20T19:52:44.691+0000] {manager.py:762} INFO - There are 0 files in /opt/airflow/dags
[2025-01-20T19:57:45.464+0000] {manager.py:759} INFO - Searching for files in /opt/airflow/dags
[2025-01-20T19:57:45.473+0000] {manager.py:762} INFO - There are 0 files in /opt/airflow/dags
[2025-01-20T20:02:46.452+0000] {manager.py:759} INFO - Searching for files in /opt/airflow/dags
[2025-01-20T20:02:46.455+0000] {manager.py:762} INFO - There are 0 files in /opt/airflow/dags
[2025-01-20T20:07:46.552+0000] {manager.py:759} INFO - Searching for files in /opt/airflow/dags
[2025-01-20T20:07:46.559+0000] {manager.py:762} INFO - There are 0 files in /opt/airflow/dags
[2025-01-20T20:12:47.547+0000] {manager.py:759} INFO - Searching for files in /opt/airflow/dags
[2025-01-20T20:12:47.555+0000] {manager.py:762} INFO - There are 0 files in /opt/airflow/dags
[2025-01-20T20:17:48.507+0000] {manager.py:759} INFO - Searching for files in /opt/airflow/dags
[2025-01-20T20:17:48.516+0000] {manager.py:762} INFO - There are 0 files in /opt/airflow/dags
[2025-01-20T20:22:48.610+0000] {manager.py:759} INFO - Searching for files in /opt/airflow/dags
[2025-01-20T20:22:48.621+0000] {manager.py:762} INFO - There are 0 files in /opt/airflow/dags
[2025-01-20T20:27:49.055+0000] {manager.py:759} INFO - Searching for files in /opt/airflow/dags
[2025-01-20T20:27:49.062+0000] {manager.py:762} INFO - There are 0 files in /opt/airflow/dags
[2025-01-20T20:32:49.627+0000] {manager.py:759} INFO - Searching for files in /opt/airflow/dags
[2025-01-20T20:32:49.631+0000] {manager.py:762} INFO - There are 0 files in /opt/airflow/dags
[2025-01-20T20:37:49.932+0000] {manager.py:759} INFO - Searching for files in /opt/airflow/dags
[2025-01-20T20:37:49.939+0000] {manager.py:762} INFO - There are 0 files in /opt/airflow/dags
[2025-01-20T20:42:50.566+0000] {manager.py:759} INFO - Searching for files in /opt/airflow/dags
[2025-01-20T20:42:50.575+0000] {manager.py:762} INFO - There are 0 files in /opt/airflow/dags
[2025-01-20T20:47:50.614+0000] {manager.py:759} INFO - Searching for files in /opt/airflow/dags
[2025-01-20T20:47:50.622+0000] {manager.py:762} INFO - There are 0 files in /opt/airflow/dags
[2025-01-20T20:49:35.065+0000] {manager.py:469} INFO - Exiting gracefully upon receiving signal 15
[2025-01-22T08:34:57.424+0000] {manager.py:487} INFO - Processing files using up to 2 processes at a time 
[2025-01-22T08:34:57.425+0000] {manager.py:488} INFO - Process each file at most once every 30 seconds
[2025-01-22T08:34:57.426+0000] {manager.py:489} INFO - Checking for new files in /opt/airflow/dags every 300 seconds
[2025-01-22T08:34:57.426+0000] {manager.py:759} INFO - Searching for files in /opt/airflow/dags
[2025-01-22T08:34:57.430+0000] {manager.py:762} INFO - There are 0 files in /opt/airflow/dags
[2025-01-22T08:39:58.344+0000] {manager.py:759} INFO - Searching for files in /opt/airflow/dags
[2025-01-22T08:39:58.357+0000] {manager.py:762} INFO - There are 0 files in /opt/airflow/dags
[2025-01-22T08:44:58.401+0000] {manager.py:759} INFO - Searching for files in /opt/airflow/dags
[2025-01-22T08:44:58.408+0000] {manager.py:762} INFO - There are 0 files in /opt/airflow/dags
[2025-01-22T08:49:58.503+0000] {manager.py:759} INFO - Searching for files in /opt/airflow/dags
[2025-01-22T08:49:58.509+0000] {manager.py:762} INFO - There are 0 files in /opt/airflow/dags
[2025-01-22T08:54:58.616+0000] {manager.py:759} INFO - Searching for files in /opt/airflow/dags
[2025-01-22T08:54:58.640+0000] {manager.py:762} INFO - There are 0 files in /opt/airflow/dags
[2025-01-22T08:59:58.641+0000] {manager.py:759} INFO - Searching for files in /opt/airflow/dags
[2025-01-22T08:59:58.648+0000] {manager.py:762} INFO - There are 0 files in /opt/airflow/dags
[2025-01-22T09:04:59.366+0000] {manager.py:759} INFO - Searching for files in /opt/airflow/dags
[2025-01-22T09:04:59.374+0000] {manager.py:762} INFO - There are 0 files in /opt/airflow/dags
[2025-01-22T09:10:00.326+0000] {manager.py:759} INFO - Searching for files in /opt/airflow/dags
[2025-01-22T09:10:00.339+0000] {manager.py:762} INFO - There are 0 files in /opt/airflow/dags
[2025-01-22T09:15:00.376+0000] {manager.py:759} INFO - Searching for files in /opt/airflow/dags
[2025-01-22T09:15:00.382+0000] {manager.py:762} INFO - There are 0 files in /opt/airflow/dags
[2025-01-22T09:20:01.288+0000] {manager.py:759} INFO - Searching for files in /opt/airflow/dags
[2025-01-22T09:20:01.294+0000] {manager.py:762} INFO - There are 0 files in /opt/airflow/dags
[2025-01-22T09:25:02.144+0000] {manager.py:759} INFO - Searching for files in /opt/airflow/dags
[2025-01-22T09:25:02.148+0000] {manager.py:762} INFO - There are 0 files in /opt/airflow/dags
[2025-01-22T09:30:02.884+0000] {manager.py:759} INFO - Searching for files in /opt/airflow/dags
[2025-01-22T09:30:02.887+0000] {manager.py:762} INFO - There are 0 files in /opt/airflow/dags
[2025-01-22T09:35:03.493+0000] {manager.py:759} INFO - Searching for files in /opt/airflow/dags
[2025-01-22T09:35:03.498+0000] {manager.py:762} INFO - There are 0 files in /opt/airflow/dags
[2025-01-22T09:40:04.125+0000] {manager.py:759} INFO - Searching for files in /opt/airflow/dags
[2025-01-22T09:40:04.131+0000] {manager.py:762} INFO - There are 0 files in /opt/airflow/dags
[2025-01-22T09:45:04.892+0000] {manager.py:759} INFO - Searching for files in /opt/airflow/dags
[2025-01-22T09:45:04.897+0000] {manager.py:762} INFO - There are 0 files in /opt/airflow/dags
[2025-01-22T09:50:05.560+0000] {manager.py:759} INFO - Searching for files in /opt/airflow/dags
[2025-01-22T09:50:05.562+0000] {manager.py:762} INFO - There are 0 files in /opt/airflow/dags
[2025-01-22T09:55:06.191+0000] {manager.py:759} INFO - Searching for files in /opt/airflow/dags
[2025-01-22T09:55:06.196+0000] {manager.py:762} INFO - There are 0 files in /opt/airflow/dags
[2025-01-22T10:00:06.905+0000] {manager.py:759} INFO - Searching for files in /opt/airflow/dags
[2025-01-22T10:00:06.911+0000] {manager.py:762} INFO - There are 0 files in /opt/airflow/dags
[2025-01-22T10:05:07.721+0000] {manager.py:759} INFO - Searching for files in /opt/airflow/dags
[2025-01-22T10:05:07.732+0000] {manager.py:762} INFO - There are 0 files in /opt/airflow/dags
[2025-01-22T10:10:07.800+0000] {manager.py:759} INFO - Searching for files in /opt/airflow/dags
[2025-01-22T10:10:07.811+0000] {manager.py:762} INFO - There are 0 files in /opt/airflow/dags
[2025-01-22T10:15:07.889+0000] {manager.py:759} INFO - Searching for files in /opt/airflow/dags
[2025-01-22T10:15:07.898+0000] {manager.py:762} INFO - There are 0 files in /opt/airflow/dags
[2025-01-22T10:20:07.893+0000] {manager.py:759} INFO - Searching for files in /opt/airflow/dags
[2025-01-22T10:20:07.902+0000] {manager.py:762} INFO - There are 0 files in /opt/airflow/dags
[2025-01-22T10:25:07.917+0000] {manager.py:759} INFO - Searching for files in /opt/airflow/dags
[2025-01-22T10:25:07.928+0000] {manager.py:762} INFO - There are 0 files in /opt/airflow/dags
[2025-01-22T10:30:08.045+0000] {manager.py:759} INFO - Searching for files in /opt/airflow/dags
[2025-01-22T10:30:08.056+0000] {manager.py:762} INFO - There are 0 files in /opt/airflow/dags
[2025-01-22T10:35:08.717+0000] {manager.py:759} INFO - Searching for files in /opt/airflow/dags
[2025-01-22T10:35:08.727+0000] {manager.py:762} INFO - There are 0 files in /opt/airflow/dags
[2025-01-22T10:40:09.352+0000] {manager.py:759} INFO - Searching for files in /opt/airflow/dags
[2025-01-22T10:40:09.358+0000] {manager.py:762} INFO - There are 0 files in /opt/airflow/dags
[2025-01-22T10:45:09.869+0000] {manager.py:759} INFO - Searching for files in /opt/airflow/dags
[2025-01-22T10:45:09.873+0000] {manager.py:762} INFO - There are 0 files in /opt/airflow/dags
[2025-01-22T10:50:10.556+0000] {manager.py:759} INFO - Searching for files in /opt/airflow/dags
[2025-01-22T10:50:10.562+0000] {manager.py:762} INFO - There are 0 files in /opt/airflow/dags
[2025-01-22T10:55:11.041+0000] {manager.py:759} INFO - Searching for files in /opt/airflow/dags
[2025-01-22T10:55:11.046+0000] {manager.py:762} INFO - There are 0 files in /opt/airflow/dags
[2025-01-22T10:57:54.993+0000] {manager.py:469} INFO - Exiting gracefully upon receiving signal 15
[2025-01-22T12:42:12.747+0000] {manager.py:487} INFO - Processing files using up to 2 processes at a time 
[2025-01-22T12:42:12.748+0000] {manager.py:488} INFO - Process each file at most once every 30 seconds
[2025-01-22T12:42:12.751+0000] {manager.py:489} INFO - Checking for new files in /opt/airflow/dags every 300 seconds
[2025-01-22T12:42:12.752+0000] {manager.py:759} INFO - Searching for files in /opt/airflow/dags
[2025-01-22T12:42:12.756+0000] {manager.py:762} INFO - There are 0 files in /opt/airflow/dags
[2025-01-22T12:47:13.303+0000] {manager.py:759} INFO - Searching for files in /opt/airflow/dags
[2025-01-22T12:47:13.313+0000] {manager.py:762} INFO - There are 0 files in /opt/airflow/dags
[2025-01-22T12:52:14.107+0000] {manager.py:759} INFO - Searching for files in /opt/airflow/dags
[2025-01-22T12:52:14.115+0000] {manager.py:762} INFO - There are 0 files in /opt/airflow/dags
[2025-01-22T12:57:14.608+0000] {manager.py:759} INFO - Searching for files in /opt/airflow/dags
[2025-01-22T12:57:14.615+0000] {manager.py:762} INFO - There are 0 files in /opt/airflow/dags
[2025-01-22T13:02:15.434+0000] {manager.py:759} INFO - Searching for files in /opt/airflow/dags
[2025-01-22T13:02:15.440+0000] {manager.py:762} INFO - There are 0 files in /opt/airflow/dags
[2025-01-22T13:07:15.886+0000] {manager.py:759} INFO - Searching for files in /opt/airflow/dags
[2025-01-22T13:07:15.894+0000] {manager.py:762} INFO - There are 0 files in /opt/airflow/dags
[2025-01-22T13:12:16.263+0000] {manager.py:759} INFO - Searching for files in /opt/airflow/dags
[2025-01-22T13:12:16.269+0000] {manager.py:762} INFO - There are 0 files in /opt/airflow/dags
[2025-01-22T13:17:16.788+0000] {manager.py:759} INFO - Searching for files in /opt/airflow/dags
[2025-01-22T13:17:16.794+0000] {manager.py:762} INFO - There are 0 files in /opt/airflow/dags
[2025-01-22T13:22:17.266+0000] {manager.py:759} INFO - Searching for files in /opt/airflow/dags
[2025-01-22T13:22:17.269+0000] {manager.py:762} INFO - There are 0 files in /opt/airflow/dags
[2025-01-22T13:27:18.010+0000] {manager.py:759} INFO - Searching for files in /opt/airflow/dags
[2025-01-22T13:27:18.014+0000] {manager.py:762} INFO - There are 0 files in /opt/airflow/dags
[2025-01-22T13:32:18.671+0000] {manager.py:759} INFO - Searching for files in /opt/airflow/dags
[2025-01-22T13:32:18.680+0000] {manager.py:762} INFO - There are 0 files in /opt/airflow/dags
[2025-01-22T13:37:19.099+0000] {manager.py:759} INFO - Searching for files in /opt/airflow/dags
[2025-01-22T13:37:19.103+0000] {manager.py:762} INFO - There are 0 files in /opt/airflow/dags
[2025-01-22T13:42:19.485+0000] {manager.py:759} INFO - Searching for files in /opt/airflow/dags
[2025-01-22T13:42:19.494+0000] {manager.py:762} INFO - There are 0 files in /opt/airflow/dags
[2025-01-22T13:47:20.334+0000] {manager.py:759} INFO - Searching for files in /opt/airflow/dags
[2025-01-22T13:47:20.338+0000] {manager.py:762} INFO - There are 0 files in /opt/airflow/dags
[2025-01-22T13:52:21.056+0000] {manager.py:759} INFO - Searching for files in /opt/airflow/dags
[2025-01-22T13:52:21.065+0000] {manager.py:762} INFO - There are 0 files in /opt/airflow/dags
[2025-01-22T13:57:21.788+0000] {manager.py:759} INFO - Searching for files in /opt/airflow/dags
[2025-01-22T13:57:21.799+0000] {manager.py:762} INFO - There are 0 files in /opt/airflow/dags
[2025-01-22T14:02:22.246+0000] {manager.py:759} INFO - Searching for files in /opt/airflow/dags
[2025-01-22T14:02:22.256+0000] {manager.py:762} INFO - There are 0 files in /opt/airflow/dags
[2025-01-22T14:07:22.629+0000] {manager.py:759} INFO - Searching for files in /opt/airflow/dags
[2025-01-22T14:07:22.638+0000] {manager.py:762} INFO - There are 0 files in /opt/airflow/dags
[2025-01-22T14:12:23.083+0000] {manager.py:759} INFO - Searching for files in /opt/airflow/dags
[2025-01-22T14:12:23.087+0000] {manager.py:762} INFO - There are 0 files in /opt/airflow/dags
[2025-01-22T14:17:23.557+0000] {manager.py:759} INFO - Searching for files in /opt/airflow/dags
[2025-01-22T14:17:23.561+0000] {manager.py:762} INFO - There are 0 files in /opt/airflow/dags
[2025-01-22T14:22:24.100+0000] {manager.py:759} INFO - Searching for files in /opt/airflow/dags
[2025-01-22T14:22:24.108+0000] {manager.py:762} INFO - There are 0 files in /opt/airflow/dags
[2025-01-22T14:27:24.869+0000] {manager.py:759} INFO - Searching for files in /opt/airflow/dags
[2025-01-22T14:27:24.878+0000] {manager.py:762} INFO - There are 0 files in /opt/airflow/dags
[2025-01-22T14:32:25.531+0000] {manager.py:759} INFO - Searching for files in /opt/airflow/dags
[2025-01-22T14:32:25.541+0000] {manager.py:762} INFO - There are 0 files in /opt/airflow/dags
[2025-01-22T14:37:26.352+0000] {manager.py:759} INFO - Searching for files in /opt/airflow/dags
[2025-01-22T14:37:26.361+0000] {manager.py:762} INFO - There are 0 files in /opt/airflow/dags
[2025-01-22T14:42:27.048+0000] {manager.py:759} INFO - Searching for files in /opt/airflow/dags
[2025-01-22T14:42:27.060+0000] {manager.py:762} INFO - There are 0 files in /opt/airflow/dags
[2025-01-22T14:47:27.792+0000] {manager.py:759} INFO - Searching for files in /opt/airflow/dags
[2025-01-22T14:47:27.801+0000] {manager.py:762} INFO - There are 0 files in /opt/airflow/dags
[2025-01-22T14:52:28.240+0000] {manager.py:759} INFO - Searching for files in /opt/airflow/dags
[2025-01-22T14:52:28.243+0000] {manager.py:762} INFO - There are 0 files in /opt/airflow/dags
[2025-01-22T14:57:28.635+0000] {manager.py:759} INFO - Searching for files in /opt/airflow/dags
[2025-01-22T14:57:28.638+0000] {manager.py:762} INFO - There are 0 files in /opt/airflow/dags
[2025-01-22T15:02:29.109+0000] {manager.py:759} INFO - Searching for files in /opt/airflow/dags
[2025-01-22T15:02:29.117+0000] {manager.py:762} INFO - There are 0 files in /opt/airflow/dags
[2025-01-22T15:07:29.541+0000] {manager.py:759} INFO - Searching for files in /opt/airflow/dags
[2025-01-22T15:07:29.552+0000] {manager.py:762} INFO - There are 0 files in /opt/airflow/dags
[2025-01-22T15:12:30.259+0000] {manager.py:759} INFO - Searching for files in /opt/airflow/dags
[2025-01-22T15:12:30.270+0000] {manager.py:762} INFO - There are 0 files in /opt/airflow/dags
[2025-01-22T15:17:31.006+0000] {manager.py:759} INFO - Searching for files in /opt/airflow/dags
[2025-01-22T15:17:31.014+0000] {manager.py:762} INFO - There are 0 files in /opt/airflow/dags
[2025-01-22T15:22:31.840+0000] {manager.py:759} INFO - Searching for files in /opt/airflow/dags
[2025-01-22T15:22:31.849+0000] {manager.py:762} INFO - There are 0 files in /opt/airflow/dags
[2025-01-22T15:27:37.197+0000] {manager.py:759} INFO - Searching for files in /opt/airflow/dags
[2025-01-22T15:27:37.201+0000] {manager.py:762} INFO - There are 0 files in /opt/airflow/dags
[2025-01-22T15:32:37.845+0000] {manager.py:759} INFO - Searching for files in /opt/airflow/dags
[2025-01-22T15:32:37.854+0000] {manager.py:762} INFO - There are 0 files in /opt/airflow/dags
[2025-01-22T15:37:38.443+0000] {manager.py:759} INFO - Searching for files in /opt/airflow/dags
[2025-01-22T15:37:38.453+0000] {manager.py:762} INFO - There are 0 files in /opt/airflow/dags
[2025-01-22T15:42:38.919+0000] {manager.py:759} INFO - Searching for files in /opt/airflow/dags
[2025-01-22T15:42:38.923+0000] {manager.py:762} INFO - There are 0 files in /opt/airflow/dags
[2025-01-22T15:47:39.535+0000] {manager.py:759} INFO - Searching for files in /opt/airflow/dags
[2025-01-22T15:47:39.539+0000] {manager.py:762} INFO - There are 0 files in /opt/airflow/dags
[2025-01-22T15:52:40.198+0000] {manager.py:759} INFO - Searching for files in /opt/airflow/dags
[2025-01-22T15:52:40.208+0000] {manager.py:762} INFO - There are 0 files in /opt/airflow/dags
[2025-01-22T15:57:40.888+0000] {manager.py:759} INFO - Searching for files in /opt/airflow/dags
[2025-01-22T15:57:40.890+0000] {manager.py:762} INFO - There are 0 files in /opt/airflow/dags
[2025-01-22T16:02:41.353+0000] {manager.py:759} INFO - Searching for files in /opt/airflow/dags
[2025-01-22T16:02:41.359+0000] {manager.py:762} INFO - There are 0 files in /opt/airflow/dags
[2025-01-22T16:04:37.118+0000] {manager.py:469} INFO - Exiting gracefully upon receiving signal 15
