[2025-01-25T12:13:22.665+0000] {processor.py:157} INFO - Started process (PID=168) to work on /opt/airflow/dags/raw_to_staging.py
[2025-01-25T12:13:22.666+0000] {processor.py:829} INFO - Processing file /opt/airflow/dags/raw_to_staging.py for tasks to queue
[2025-01-25T12:13:22.669+0000] {logging_mixin.py:151} INFO - [2025-01-25T12:13:22.669+0000] {dagbag.py:539} INFO - Filling up the DagBag from /opt/airflow/dags/raw_to_staging.py
[2025-01-25T12:13:22.688+0000] {logging_mixin.py:151} INFO - [2025-01-25T12:13:22.683+0000] {dagbag.py:347} ERROR - Failed to import: /opt/airflow/dags/raw_to_staging.py
Traceback (most recent call last):
  File "/home/airflow/.local/lib/python3.8/site-packages/airflow/models/dagbag.py", line 343, in parse
    loader.exec_module(new_module)
  File "<frozen importlib._bootstrap_external>", line 843, in exec_module
  File "<frozen importlib._bootstrap>", line 219, in _call_with_frames_removed
  File "/opt/airflow/dags/raw_to_staging.py", line 13, in <module>
    "retry_delay": timedelta(minutes=5),
NameError: name 'timedelta' is not defined
[2025-01-25T12:13:22.688+0000] {processor.py:841} WARNING - No viable dags retrieved from /opt/airflow/dags/raw_to_staging.py
[2025-01-25T12:13:22.724+0000] {processor.py:179} INFO - Processing /opt/airflow/dags/raw_to_staging.py took 0.072 seconds
[2025-01-25T12:13:53.178+0000] {processor.py:157} INFO - Started process (PID=184) to work on /opt/airflow/dags/raw_to_staging.py
[2025-01-25T12:13:53.179+0000] {processor.py:829} INFO - Processing file /opt/airflow/dags/raw_to_staging.py for tasks to queue
[2025-01-25T12:13:53.181+0000] {logging_mixin.py:151} INFO - [2025-01-25T12:13:53.180+0000] {dagbag.py:539} INFO - Filling up the DagBag from /opt/airflow/dags/raw_to_staging.py
[2025-01-25T12:13:53.188+0000] {logging_mixin.py:151} INFO - [2025-01-25T12:13:53.186+0000] {dagbag.py:347} ERROR - Failed to import: /opt/airflow/dags/raw_to_staging.py
Traceback (most recent call last):
  File "/home/airflow/.local/lib/python3.8/site-packages/airflow/models/dagbag.py", line 343, in parse
    loader.exec_module(new_module)
  File "<frozen importlib._bootstrap_external>", line 843, in exec_module
  File "<frozen importlib._bootstrap>", line 219, in _call_with_frames_removed
  File "/opt/airflow/dags/raw_to_staging.py", line 13, in <module>
    "retry_delay": timedelta(minutes=5),
NameError: name 'timedelta' is not defined
[2025-01-25T12:13:53.188+0000] {processor.py:841} WARNING - No viable dags retrieved from /opt/airflow/dags/raw_to_staging.py
[2025-01-25T12:13:53.214+0000] {processor.py:179} INFO - Processing /opt/airflow/dags/raw_to_staging.py took 0.039 seconds
[2025-01-25T12:14:23.626+0000] {processor.py:157} INFO - Started process (PID=199) to work on /opt/airflow/dags/raw_to_staging.py
[2025-01-25T12:14:23.629+0000] {processor.py:829} INFO - Processing file /opt/airflow/dags/raw_to_staging.py for tasks to queue
[2025-01-25T12:14:23.630+0000] {logging_mixin.py:151} INFO - [2025-01-25T12:14:23.630+0000] {dagbag.py:539} INFO - Filling up the DagBag from /opt/airflow/dags/raw_to_staging.py
[2025-01-25T12:14:23.641+0000] {logging_mixin.py:151} INFO - [2025-01-25T12:14:23.639+0000] {dagbag.py:347} ERROR - Failed to import: /opt/airflow/dags/raw_to_staging.py
Traceback (most recent call last):
  File "/home/airflow/.local/lib/python3.8/site-packages/airflow/models/dagbag.py", line 343, in parse
    loader.exec_module(new_module)
  File "<frozen importlib._bootstrap_external>", line 843, in exec_module
  File "<frozen importlib._bootstrap>", line 219, in _call_with_frames_removed
  File "/opt/airflow/dags/raw_to_staging.py", line 13, in <module>
    "retry_delay": timedelta(minutes=5),
NameError: name 'timedelta' is not defined
[2025-01-25T12:14:23.642+0000] {processor.py:841} WARNING - No viable dags retrieved from /opt/airflow/dags/raw_to_staging.py
[2025-01-25T12:14:23.674+0000] {processor.py:179} INFO - Processing /opt/airflow/dags/raw_to_staging.py took 0.061 seconds
[2025-01-25T12:14:54.155+0000] {processor.py:157} INFO - Started process (PID=217) to work on /opt/airflow/dags/raw_to_staging.py
[2025-01-25T12:14:54.156+0000] {processor.py:829} INFO - Processing file /opt/airflow/dags/raw_to_staging.py for tasks to queue
[2025-01-25T12:14:54.157+0000] {logging_mixin.py:151} INFO - [2025-01-25T12:14:54.157+0000] {dagbag.py:539} INFO - Filling up the DagBag from /opt/airflow/dags/raw_to_staging.py
[2025-01-25T12:14:54.166+0000] {logging_mixin.py:151} INFO - [2025-01-25T12:14:54.164+0000] {dagbag.py:347} ERROR - Failed to import: /opt/airflow/dags/raw_to_staging.py
Traceback (most recent call last):
  File "/home/airflow/.local/lib/python3.8/site-packages/airflow/models/dagbag.py", line 343, in parse
    loader.exec_module(new_module)
  File "<frozen importlib._bootstrap_external>", line 843, in exec_module
  File "<frozen importlib._bootstrap>", line 219, in _call_with_frames_removed
  File "/opt/airflow/dags/raw_to_staging.py", line 13, in <module>
    "retry_delay": timedelta(minutes=5),
NameError: name 'timedelta' is not defined
[2025-01-25T12:14:54.166+0000] {processor.py:841} WARNING - No viable dags retrieved from /opt/airflow/dags/raw_to_staging.py
[2025-01-25T12:14:54.192+0000] {processor.py:179} INFO - Processing /opt/airflow/dags/raw_to_staging.py took 0.045 seconds
[2025-01-25T12:15:14.603+0000] {processor.py:157} INFO - Started process (PID=237) to work on /opt/airflow/dags/raw_to_staging.py
[2025-01-25T12:15:14.605+0000] {processor.py:829} INFO - Processing file /opt/airflow/dags/raw_to_staging.py for tasks to queue
[2025-01-25T12:15:14.606+0000] {logging_mixin.py:151} INFO - [2025-01-25T12:15:14.606+0000] {dagbag.py:539} INFO - Filling up the DagBag from /opt/airflow/dags/raw_to_staging.py
[2025-01-25T12:15:14.638+0000] {processor.py:839} INFO - DAG(s) dict_keys(['raw_to_staging']) retrieved from /opt/airflow/dags/raw_to_staging.py
[2025-01-25T12:15:14.729+0000] {logging_mixin.py:151} INFO - [2025-01-25T12:15:14.728+0000] {manager.py:499} INFO - Created Permission View: %s
[2025-01-25T12:15:14.739+0000] {logging_mixin.py:151} INFO - [2025-01-25T12:15:14.738+0000] {manager.py:499} INFO - Created Permission View: %s
[2025-01-25T12:15:14.742+0000] {logging_mixin.py:151} INFO - [2025-01-25T12:15:14.742+0000] {manager.py:499} INFO - Created Permission View: %s
[2025-01-25T12:15:14.742+0000] {logging_mixin.py:151} INFO - [2025-01-25T12:15:14.742+0000] {security.py:708} INFO - Not syncing DAG-level permissions for DAG 'DAG:raw_to_staging' as access control is unset.
[2025-01-25T12:15:14.743+0000] {logging_mixin.py:151} INFO - [2025-01-25T12:15:14.743+0000] {dag.py:2915} INFO - Sync 1 DAGs
[2025-01-25T12:15:14.750+0000] {logging_mixin.py:151} INFO - [2025-01-25T12:15:14.750+0000] {dag.py:2937} INFO - Creating ORM DAG for raw_to_staging
[2025-01-25T12:15:14.756+0000] {logging_mixin.py:151} INFO - [2025-01-25T12:15:14.756+0000] {dag.py:3696} INFO - Setting next_dagrun for raw_to_staging to 2025-01-24T00:00:00+00:00, run_after=2025-01-25T00:00:00+00:00
[2025-01-25T12:15:14.765+0000] {processor.py:179} INFO - Processing /opt/airflow/dags/raw_to_staging.py took 0.175 seconds
[2025-01-25T12:15:45.345+0000] {processor.py:157} INFO - Started process (PID=252) to work on /opt/airflow/dags/raw_to_staging.py
[2025-01-25T12:15:45.351+0000] {processor.py:829} INFO - Processing file /opt/airflow/dags/raw_to_staging.py for tasks to queue
[2025-01-25T12:15:45.352+0000] {logging_mixin.py:151} INFO - [2025-01-25T12:15:45.352+0000] {dagbag.py:539} INFO - Filling up the DagBag from /opt/airflow/dags/raw_to_staging.py
[2025-01-25T12:15:45.375+0000] {processor.py:839} INFO - DAG(s) dict_keys(['raw_to_staging']) retrieved from /opt/airflow/dags/raw_to_staging.py
[2025-01-25T12:15:45.421+0000] {logging_mixin.py:151} INFO - [2025-01-25T12:15:45.421+0000] {dag.py:2915} INFO - Sync 1 DAGs
[2025-01-25T12:15:45.438+0000] {logging_mixin.py:151} INFO - [2025-01-25T12:15:45.437+0000] {dag.py:3696} INFO - Setting next_dagrun for raw_to_staging to 2025-01-24T00:00:00+00:00, run_after=2025-01-25T00:00:00+00:00
[2025-01-25T12:15:45.446+0000] {processor.py:179} INFO - Processing /opt/airflow/dags/raw_to_staging.py took 0.125 seconds
[2025-01-25T12:16:15.830+0000] {processor.py:157} INFO - Started process (PID=267) to work on /opt/airflow/dags/raw_to_staging.py
[2025-01-25T12:16:15.833+0000] {processor.py:829} INFO - Processing file /opt/airflow/dags/raw_to_staging.py for tasks to queue
[2025-01-25T12:16:15.834+0000] {logging_mixin.py:151} INFO - [2025-01-25T12:16:15.833+0000] {dagbag.py:539} INFO - Filling up the DagBag from /opt/airflow/dags/raw_to_staging.py
[2025-01-25T12:16:15.847+0000] {processor.py:839} INFO - DAG(s) dict_keys(['raw_to_staging']) retrieved from /opt/airflow/dags/raw_to_staging.py
[2025-01-25T12:16:15.867+0000] {logging_mixin.py:151} INFO - [2025-01-25T12:16:15.867+0000] {dag.py:2915} INFO - Sync 1 DAGs
[2025-01-25T12:16:15.879+0000] {logging_mixin.py:151} INFO - [2025-01-25T12:16:15.878+0000] {dag.py:3696} INFO - Setting next_dagrun for raw_to_staging to 2025-01-24T00:00:00+00:00, run_after=2025-01-25T00:00:00+00:00
[2025-01-25T12:16:15.886+0000] {processor.py:179} INFO - Processing /opt/airflow/dags/raw_to_staging.py took 0.061 seconds
[2025-01-25T12:16:46.302+0000] {processor.py:157} INFO - Started process (PID=282) to work on /opt/airflow/dags/raw_to_staging.py
[2025-01-25T12:16:46.303+0000] {processor.py:829} INFO - Processing file /opt/airflow/dags/raw_to_staging.py for tasks to queue
[2025-01-25T12:16:46.303+0000] {logging_mixin.py:151} INFO - [2025-01-25T12:16:46.303+0000] {dagbag.py:539} INFO - Filling up the DagBag from /opt/airflow/dags/raw_to_staging.py
[2025-01-25T12:16:46.314+0000] {processor.py:839} INFO - DAG(s) dict_keys(['raw_to_staging']) retrieved from /opt/airflow/dags/raw_to_staging.py
[2025-01-25T12:16:46.337+0000] {logging_mixin.py:151} INFO - [2025-01-25T12:16:46.337+0000] {dag.py:2915} INFO - Sync 1 DAGs
[2025-01-25T12:16:46.348+0000] {logging_mixin.py:151} INFO - [2025-01-25T12:16:46.348+0000] {dag.py:3696} INFO - Setting next_dagrun for raw_to_staging to 2025-01-24T00:00:00+00:00, run_after=2025-01-25T00:00:00+00:00
[2025-01-25T12:16:46.358+0000] {processor.py:179} INFO - Processing /opt/airflow/dags/raw_to_staging.py took 0.063 seconds
[2025-01-25T12:17:16.780+0000] {processor.py:157} INFO - Started process (PID=297) to work on /opt/airflow/dags/raw_to_staging.py
[2025-01-25T12:17:16.782+0000] {processor.py:829} INFO - Processing file /opt/airflow/dags/raw_to_staging.py for tasks to queue
[2025-01-25T12:17:16.784+0000] {logging_mixin.py:151} INFO - [2025-01-25T12:17:16.783+0000] {dagbag.py:539} INFO - Filling up the DagBag from /opt/airflow/dags/raw_to_staging.py
[2025-01-25T12:17:16.826+0000] {processor.py:839} INFO - DAG(s) dict_keys(['raw_to_staging']) retrieved from /opt/airflow/dags/raw_to_staging.py
[2025-01-25T12:17:16.870+0000] {logging_mixin.py:151} INFO - [2025-01-25T12:17:16.870+0000] {dag.py:2915} INFO - Sync 1 DAGs
[2025-01-25T12:17:16.890+0000] {logging_mixin.py:151} INFO - [2025-01-25T12:17:16.889+0000] {dag.py:3696} INFO - Setting next_dagrun for raw_to_staging to 2025-01-24T00:00:00+00:00, run_after=2025-01-25T00:00:00+00:00
[2025-01-25T12:17:16.906+0000] {processor.py:179} INFO - Processing /opt/airflow/dags/raw_to_staging.py took 0.137 seconds
