[2025-01-25T12:41:39.989+0000] {taskinstance.py:1157} INFO - Dependencies all met for dep_context=non-requeueable deps ti=<TaskInstance: openweather_data_lake.raw_to_staging scheduled__2025-01-24T00:00:00+00:00 [queued]>
[2025-01-25T12:41:39.993+0000] {taskinstance.py:1157} INFO - Dependencies all met for dep_context=requeueable deps ti=<TaskInstance: openweather_data_lake.raw_to_staging scheduled__2025-01-24T00:00:00+00:00 [queued]>
[2025-01-25T12:41:39.993+0000] {taskinstance.py:1359} INFO - Starting attempt 1 of 3
[2025-01-25T12:41:39.998+0000] {taskinstance.py:1380} INFO - Executing <Task(PythonOperator): raw_to_staging> on 2025-01-24 00:00:00+00:00
[2025-01-25T12:41:40.005+0000] {standard_task_runner.py:57} INFO - Started process 221 to run task
[2025-01-25T12:41:40.010+0000] {standard_task_runner.py:84} INFO - Running: ['***', 'tasks', 'run', 'openweather_data_lake', 'raw_to_staging', 'scheduled__2025-01-24T00:00:00+00:00', '--job-id', '18', '--raw', '--subdir', 'DAGS_FOLDER/openweather_data_lake.py', '--cfg-path', '/tmp/tmp95vbtjl8']
[2025-01-25T12:41:40.019+0000] {standard_task_runner.py:85} INFO - Job 18: Subtask raw_to_staging
[2025-01-25T12:41:40.042+0000] {logging_mixin.py:151} WARNING - /home/***/.local/lib/python3.8/site-packages/***/settings.py:195 DeprecationWarning: The sql_alchemy_conn option in [core] has been moved to the sql_alchemy_conn option in [database] - the old setting has been used, but please update your config.
[2025-01-25T12:41:40.091+0000] {task_command.py:415} INFO - Running <TaskInstance: openweather_data_lake.raw_to_staging scheduled__2025-01-24T00:00:00+00:00 [running]> on host 13ad84e8e096
[2025-01-25T12:41:40.173+0000] {taskinstance.py:1660} INFO - Exporting env vars: AIRFLOW_CTX_DAG_OWNER='***' AIRFLOW_CTX_DAG_ID='openweather_data_lake' AIRFLOW_CTX_TASK_ID='raw_to_staging' AIRFLOW_CTX_EXECUTION_DATE='2025-01-24T00:00:00+00:00' AIRFLOW_CTX_TRY_NUMBER='1' AIRFLOW_CTX_DAG_RUN_ID='scheduled__2025-01-24T00:00:00+00:00'
[2025-01-25T12:41:59.241+0000] {python.py:194} INFO - Done. Returned value was: None
[2025-01-25T12:41:59.281+0000] {taskinstance.py:1398} INFO - Marking task as SUCCESS. dag_id=openweather_data_lake, task_id=raw_to_staging, execution_date=20250124T000000, start_date=20250125T124139, end_date=20250125T124159
[2025-01-25T12:41:59.360+0000] {local_task_job_runner.py:228} INFO - Task exited with return code 0
[2025-01-25T12:41:59.415+0000] {taskinstance.py:2776} INFO - 1 downstream tasks scheduled from follow-on schedule check
[2025-01-25T13:18:03.566+0000] {taskinstance.py:1157} INFO - Dependencies all met for dep_context=non-requeueable deps ti=<TaskInstance: openweather_data_lake.raw_to_staging scheduled__2025-01-24T00:00:00+00:00 [queued]>
[2025-01-25T13:18:03.574+0000] {taskinstance.py:1157} INFO - Dependencies all met for dep_context=requeueable deps ti=<TaskInstance: openweather_data_lake.raw_to_staging scheduled__2025-01-24T00:00:00+00:00 [queued]>
[2025-01-25T13:18:03.576+0000] {taskinstance.py:1359} INFO - Starting attempt 1 of 3
[2025-01-25T13:18:03.595+0000] {taskinstance.py:1380} INFO - Executing <Task(PythonOperator): raw_to_staging> on 2025-01-24 00:00:00+00:00
[2025-01-25T13:18:03.607+0000] {standard_task_runner.py:57} INFO - Started process 290 to run task
[2025-01-25T13:18:03.612+0000] {standard_task_runner.py:84} INFO - Running: ['***', 'tasks', 'run', 'openweather_data_lake', 'raw_to_staging', 'scheduled__2025-01-24T00:00:00+00:00', '--job-id', '32', '--raw', '--subdir', 'DAGS_FOLDER/openweather_data_lake.py', '--cfg-path', '/tmp/tmprzwvwiz8']
[2025-01-25T13:18:03.616+0000] {standard_task_runner.py:85} INFO - Job 32: Subtask raw_to_staging
[2025-01-25T13:18:03.630+0000] {logging_mixin.py:151} WARNING - /home/***/.local/lib/python3.8/site-packages/***/settings.py:195 DeprecationWarning: The sql_alchemy_conn option in [core] has been moved to the sql_alchemy_conn option in [database] - the old setting has been used, but please update your config.
[2025-01-25T13:18:03.655+0000] {task_command.py:415} INFO - Running <TaskInstance: openweather_data_lake.raw_to_staging scheduled__2025-01-24T00:00:00+00:00 [running]> on host eb0d4caa6d7f
[2025-01-25T13:18:03.725+0000] {taskinstance.py:1660} INFO - Exporting env vars: AIRFLOW_CTX_DAG_OWNER='***' AIRFLOW_CTX_DAG_ID='openweather_data_lake' AIRFLOW_CTX_TASK_ID='raw_to_staging' AIRFLOW_CTX_EXECUTION_DATE='2025-01-24T00:00:00+00:00' AIRFLOW_CTX_TRY_NUMBER='1' AIRFLOW_CTX_DAG_RUN_ID='scheduled__2025-01-24T00:00:00+00:00'
[2025-01-25T13:18:06.386+0000] {python.py:194} INFO - Done. Returned value was: None
[2025-01-25T13:18:06.440+0000] {taskinstance.py:1398} INFO - Marking task as SUCCESS. dag_id=openweather_data_lake, task_id=raw_to_staging, execution_date=20250124T000000, start_date=20250125T131803, end_date=20250125T131806
[2025-01-25T13:18:06.500+0000] {local_task_job_runner.py:228} INFO - Task exited with return code 0
[2025-01-25T13:18:06.539+0000] {taskinstance.py:2776} INFO - 1 downstream tasks scheduled from follow-on schedule check
[2025-01-25T13:18:57.388+0000] {taskinstance.py:1157} INFO - Dependencies all met for dep_context=non-requeueable deps ti=<TaskInstance: openweather_data_lake.raw_to_staging scheduled__2025-01-24T00:00:00+00:00 [queued]>
[2025-01-25T13:18:57.393+0000] {taskinstance.py:1157} INFO - Dependencies all met for dep_context=requeueable deps ti=<TaskInstance: openweather_data_lake.raw_to_staging scheduled__2025-01-24T00:00:00+00:00 [queued]>
[2025-01-25T13:18:57.393+0000] {taskinstance.py:1359} INFO - Starting attempt 1 of 3
[2025-01-25T13:18:57.399+0000] {taskinstance.py:1380} INFO - Executing <Task(PythonOperator): raw_to_staging> on 2025-01-24 00:00:00+00:00
[2025-01-25T13:18:57.403+0000] {standard_task_runner.py:57} INFO - Started process 458 to run task
[2025-01-25T13:18:57.405+0000] {standard_task_runner.py:84} INFO - Running: ['***', 'tasks', 'run', 'openweather_data_lake', 'raw_to_staging', 'scheduled__2025-01-24T00:00:00+00:00', '--job-id', '38', '--raw', '--subdir', 'DAGS_FOLDER/openweather_data_lake.py', '--cfg-path', '/tmp/tmpxq2hq4il']
[2025-01-25T13:18:57.406+0000] {standard_task_runner.py:85} INFO - Job 38: Subtask raw_to_staging
[2025-01-25T13:18:57.414+0000] {logging_mixin.py:151} WARNING - /home/***/.local/lib/python3.8/site-packages/***/settings.py:195 DeprecationWarning: The sql_alchemy_conn option in [core] has been moved to the sql_alchemy_conn option in [database] - the old setting has been used, but please update your config.
[2025-01-25T13:18:57.430+0000] {task_command.py:415} INFO - Running <TaskInstance: openweather_data_lake.raw_to_staging scheduled__2025-01-24T00:00:00+00:00 [running]> on host eb0d4caa6d7f
[2025-01-25T13:18:57.463+0000] {taskinstance.py:1660} INFO - Exporting env vars: AIRFLOW_CTX_DAG_OWNER='***' AIRFLOW_CTX_DAG_ID='openweather_data_lake' AIRFLOW_CTX_TASK_ID='raw_to_staging' AIRFLOW_CTX_EXECUTION_DATE='2025-01-24T00:00:00+00:00' AIRFLOW_CTX_TRY_NUMBER='1' AIRFLOW_CTX_DAG_RUN_ID='scheduled__2025-01-24T00:00:00+00:00'
[2025-01-25T13:18:59.066+0000] {python.py:194} INFO - Done. Returned value was: None
[2025-01-25T13:18:59.093+0000] {taskinstance.py:1398} INFO - Marking task as SUCCESS. dag_id=openweather_data_lake, task_id=raw_to_staging, execution_date=20250124T000000, start_date=20250125T131857, end_date=20250125T131859
[2025-01-25T13:18:59.140+0000] {local_task_job_runner.py:228} INFO - Task exited with return code 0
[2025-01-25T13:18:59.188+0000] {taskinstance.py:2776} INFO - 1 downstream tasks scheduled from follow-on schedule check
[2025-01-25T13:41:00.961+0000] {taskinstance.py:1157} INFO - Dependencies all met for dep_context=non-requeueable deps ti=<TaskInstance: openweather_data_lake.raw_to_staging scheduled__2025-01-24T00:00:00+00:00 [queued]>
[2025-01-25T13:41:00.985+0000] {taskinstance.py:1157} INFO - Dependencies all met for dep_context=requeueable deps ti=<TaskInstance: openweather_data_lake.raw_to_staging scheduled__2025-01-24T00:00:00+00:00 [queued]>
[2025-01-25T13:41:00.987+0000] {taskinstance.py:1359} INFO - Starting attempt 1 of 3
[2025-01-25T13:41:01.002+0000] {taskinstance.py:1380} INFO - Executing <Task(PythonOperator): raw_to_staging> on 2025-01-24 00:00:00+00:00
[2025-01-25T13:41:01.029+0000] {standard_task_runner.py:57} INFO - Started process 249 to run task
[2025-01-25T13:41:01.034+0000] {standard_task_runner.py:84} INFO - Running: ['***', 'tasks', 'run', 'openweather_data_lake', 'raw_to_staging', 'scheduled__2025-01-24T00:00:00+00:00', '--job-id', '7', '--raw', '--subdir', 'DAGS_FOLDER/openweather_data_lake.py', '--cfg-path', '/tmp/tmpii5vbkzz']
[2025-01-25T13:41:01.044+0000] {standard_task_runner.py:85} INFO - Job 7: Subtask raw_to_staging
[2025-01-25T13:41:01.073+0000] {logging_mixin.py:151} WARNING - /home/***/.local/lib/python3.8/site-packages/***/settings.py:195 DeprecationWarning: The sql_alchemy_conn option in [core] has been moved to the sql_alchemy_conn option in [database] - the old setting has been used, but please update your config.
[2025-01-25T13:41:01.109+0000] {task_command.py:415} INFO - Running <TaskInstance: openweather_data_lake.raw_to_staging scheduled__2025-01-24T00:00:00+00:00 [running]> on host 76d975d787c4
[2025-01-25T13:41:01.195+0000] {taskinstance.py:1660} INFO - Exporting env vars: AIRFLOW_CTX_DAG_OWNER='***' AIRFLOW_CTX_DAG_ID='openweather_data_lake' AIRFLOW_CTX_TASK_ID='raw_to_staging' AIRFLOW_CTX_EXECUTION_DATE='2025-01-24T00:00:00+00:00' AIRFLOW_CTX_TRY_NUMBER='1' AIRFLOW_CTX_DAG_RUN_ID='scheduled__2025-01-24T00:00:00+00:00'
[2025-01-25T13:41:04.211+0000] {python.py:194} INFO - Done. Returned value was: None
[2025-01-25T13:41:04.254+0000] {taskinstance.py:1398} INFO - Marking task as SUCCESS. dag_id=openweather_data_lake, task_id=raw_to_staging, execution_date=20250124T000000, start_date=20250125T134100, end_date=20250125T134104
[2025-01-25T13:41:04.308+0000] {local_task_job_runner.py:228} INFO - Task exited with return code 0
[2025-01-25T13:41:04.340+0000] {taskinstance.py:2776} INFO - 1 downstream tasks scheduled from follow-on schedule check
