[2025-01-25T12:18:27.523+0000] {taskinstance.py:1157} INFO - Dependencies all met for dep_context=non-requeueable deps ti=<TaskInstance: openweather_data_lake.data_to_raw scheduled__2025-01-24T00:00:00+00:00 [queued]>
[2025-01-25T12:18:27.528+0000] {taskinstance.py:1157} INFO - Dependencies all met for dep_context=requeueable deps ti=<TaskInstance: openweather_data_lake.data_to_raw scheduled__2025-01-24T00:00:00+00:00 [queued]>
[2025-01-25T12:18:27.528+0000] {taskinstance.py:1359} INFO - Starting attempt 1 of 3
[2025-01-25T12:18:27.538+0000] {taskinstance.py:1380} INFO - Executing <Task(PythonOperator): data_to_raw> on 2025-01-24 00:00:00+00:00
[2025-01-25T12:18:27.559+0000] {standard_task_runner.py:57} INFO - Started process 314 to run task
[2025-01-25T12:18:27.565+0000] {standard_task_runner.py:84} INFO - Running: ['***', 'tasks', 'run', 'openweather_data_lake', 'data_to_raw', 'scheduled__2025-01-24T00:00:00+00:00', '--job-id', '2', '--raw', '--subdir', 'DAGS_FOLDER/openweather_data_lake.py', '--cfg-path', '/tmp/tmpja56jhwu']
[2025-01-25T12:18:27.577+0000] {standard_task_runner.py:85} INFO - Job 2: Subtask data_to_raw
[2025-01-25T12:18:27.613+0000] {logging_mixin.py:151} WARNING - /home/***/.local/lib/python3.8/site-packages/***/settings.py:195 DeprecationWarning: The sql_alchemy_conn option in [core] has been moved to the sql_alchemy_conn option in [database] - the old setting has been used, but please update your config.
[2025-01-25T12:18:27.673+0000] {task_command.py:415} INFO - Running <TaskInstance: openweather_data_lake.data_to_raw scheduled__2025-01-24T00:00:00+00:00 [running]> on host c5085a2172b1
[2025-01-25T12:18:27.766+0000] {taskinstance.py:1660} INFO - Exporting env vars: AIRFLOW_CTX_DAG_OWNER='***' AIRFLOW_CTX_DAG_ID='openweather_data_lake' AIRFLOW_CTX_TASK_ID='data_to_raw' AIRFLOW_CTX_EXECUTION_DATE='2025-01-24T00:00:00+00:00' AIRFLOW_CTX_TRY_NUMBER='1' AIRFLOW_CTX_DAG_RUN_ID='scheduled__2025-01-24T00:00:00+00:00'
[2025-01-25T12:18:27.976+0000] {taskinstance.py:1935} ERROR - Task failed with exception
Traceback (most recent call last):
  File "/home/airflow/.local/lib/python3.8/site-packages/airflow/operators/python.py", line 192, in execute
    return_value = self.execute_callable()
  File "/home/airflow/.local/lib/python3.8/site-packages/airflow/operators/python.py", line 209, in execute_callable
    return self.python_callable(*self.op_args, **self.op_kwargs)
  File "/opt/airflow/dags/openweather_data_lake.py", line 15, in run_data_recovery
    subprocess.run(["python", "src/data-recovery.py"], check=True)
  File "/usr/local/lib/python3.8/subprocess.py", line 516, in run
    raise CalledProcessError(retcode, process.args,
subprocess.CalledProcessError: Command '['python', 'src/data-recovery.py']' returned non-zero exit status 2.
[2025-01-25T12:18:27.990+0000] {taskinstance.py:1398} INFO - Marking task as UP_FOR_RETRY. dag_id=openweather_data_lake, task_id=data_to_raw, execution_date=20250124T000000, start_date=20250125T121827, end_date=20250125T121827
[2025-01-25T12:18:28.008+0000] {standard_task_runner.py:104} ERROR - Failed to execute job 2 for task data_to_raw (Command '['python', 'src/data-recovery.py']' returned non-zero exit status 2.; 314)
[2025-01-25T12:18:28.035+0000] {local_task_job_runner.py:228} INFO - Task exited with return code 1
[2025-01-25T12:18:28.063+0000] {taskinstance.py:2776} INFO - 0 downstream tasks scheduled from follow-on schedule check
[2025-01-25T12:22:19.218+0000] {taskinstance.py:1157} INFO - Dependencies all met for dep_context=non-requeueable deps ti=<TaskInstance: openweather_data_lake.data_to_raw scheduled__2025-01-24T00:00:00+00:00 [queued]>
[2025-01-25T12:22:19.221+0000] {taskinstance.py:1157} INFO - Dependencies all met for dep_context=requeueable deps ti=<TaskInstance: openweather_data_lake.data_to_raw scheduled__2025-01-24T00:00:00+00:00 [queued]>
[2025-01-25T12:22:19.222+0000] {taskinstance.py:1359} INFO - Starting attempt 1 of 3
[2025-01-25T12:22:19.228+0000] {taskinstance.py:1380} INFO - Executing <Task(PythonOperator): data_to_raw> on 2025-01-24 00:00:00+00:00
[2025-01-25T12:22:19.232+0000] {standard_task_runner.py:57} INFO - Started process 387 to run task
[2025-01-25T12:22:19.234+0000] {standard_task_runner.py:84} INFO - Running: ['***', 'tasks', 'run', 'openweather_data_lake', 'data_to_raw', 'scheduled__2025-01-24T00:00:00+00:00', '--job-id', '5', '--raw', '--subdir', 'DAGS_FOLDER/openweather_data_lake.py', '--cfg-path', '/tmp/tmpzzrhwkr5']
[2025-01-25T12:22:19.236+0000] {standard_task_runner.py:85} INFO - Job 5: Subtask data_to_raw
[2025-01-25T12:22:19.246+0000] {logging_mixin.py:151} WARNING - /home/***/.local/lib/python3.8/site-packages/***/settings.py:195 DeprecationWarning: The sql_alchemy_conn option in [core] has been moved to the sql_alchemy_conn option in [database] - the old setting has been used, but please update your config.
[2025-01-25T12:22:19.268+0000] {task_command.py:415} INFO - Running <TaskInstance: openweather_data_lake.data_to_raw scheduled__2025-01-24T00:00:00+00:00 [running]> on host c5085a2172b1
[2025-01-25T12:22:19.312+0000] {taskinstance.py:1660} INFO - Exporting env vars: AIRFLOW_CTX_DAG_OWNER='***' AIRFLOW_CTX_DAG_ID='openweather_data_lake' AIRFLOW_CTX_TASK_ID='data_to_raw' AIRFLOW_CTX_EXECUTION_DATE='2025-01-24T00:00:00+00:00' AIRFLOW_CTX_TRY_NUMBER='1' AIRFLOW_CTX_DAG_RUN_ID='scheduled__2025-01-24T00:00:00+00:00'
[2025-01-25T12:22:19.373+0000] {taskinstance.py:1935} ERROR - Task failed with exception
Traceback (most recent call last):
  File "/home/airflow/.local/lib/python3.8/site-packages/airflow/operators/python.py", line 192, in execute
    return_value = self.execute_callable()
  File "/home/airflow/.local/lib/python3.8/site-packages/airflow/operators/python.py", line 209, in execute_callable
    return self.python_callable(*self.op_args, **self.op_kwargs)
  File "/opt/airflow/dags/openweather_data_lake.py", line 16, in run_data_recovery
    subprocess.run(["python", script_path], check=True)
  File "/usr/local/lib/python3.8/subprocess.py", line 516, in run
    raise CalledProcessError(retcode, process.args,
subprocess.CalledProcessError: Command '['python', '/opt/airflow/dags/./src/data-recovery.py']' returned non-zero exit status 2.
[2025-01-25T12:22:19.384+0000] {taskinstance.py:1398} INFO - Marking task as UP_FOR_RETRY. dag_id=openweather_data_lake, task_id=data_to_raw, execution_date=20250124T000000, start_date=20250125T122219, end_date=20250125T122219
[2025-01-25T12:22:19.389+0000] {standard_task_runner.py:104} ERROR - Failed to execute job 5 for task data_to_raw (Command '['python', '/opt/airflow/dags/./src/data-recovery.py']' returned non-zero exit status 2.; 387)
[2025-01-25T12:22:19.417+0000] {local_task_job_runner.py:228} INFO - Task exited with return code 1
[2025-01-25T12:22:19.431+0000] {taskinstance.py:2776} INFO - 0 downstream tasks scheduled from follow-on schedule check
[2025-01-25T12:29:26.635+0000] {taskinstance.py:1157} INFO - Dependencies all met for dep_context=non-requeueable deps ti=<TaskInstance: openweather_data_lake.data_to_raw scheduled__2025-01-24T00:00:00+00:00 [queued]>
[2025-01-25T12:29:26.639+0000] {taskinstance.py:1157} INFO - Dependencies all met for dep_context=requeueable deps ti=<TaskInstance: openweather_data_lake.data_to_raw scheduled__2025-01-24T00:00:00+00:00 [queued]>
[2025-01-25T12:29:26.639+0000] {taskinstance.py:1359} INFO - Starting attempt 1 of 3
[2025-01-25T12:29:26.645+0000] {taskinstance.py:1380} INFO - Executing <Task(PythonOperator): data_to_raw> on 2025-01-24 00:00:00+00:00
[2025-01-25T12:29:26.650+0000] {standard_task_runner.py:57} INFO - Started process 201 to run task
[2025-01-25T12:29:26.654+0000] {standard_task_runner.py:84} INFO - Running: ['***', 'tasks', 'run', 'openweather_data_lake', 'data_to_raw', 'scheduled__2025-01-24T00:00:00+00:00', '--job-id', '10', '--raw', '--subdir', 'DAGS_FOLDER/openweather_data_lake.py', '--cfg-path', '/tmp/tmp8gk80tf4']
[2025-01-25T12:29:26.661+0000] {standard_task_runner.py:85} INFO - Job 10: Subtask data_to_raw
[2025-01-25T12:29:26.677+0000] {logging_mixin.py:151} WARNING - /home/***/.local/lib/python3.8/site-packages/***/settings.py:195 DeprecationWarning: The sql_alchemy_conn option in [core] has been moved to the sql_alchemy_conn option in [database] - the old setting has been used, but please update your config.
[2025-01-25T12:29:26.697+0000] {task_command.py:415} INFO - Running <TaskInstance: openweather_data_lake.data_to_raw scheduled__2025-01-24T00:00:00+00:00 [running]> on host 83d72546b46f
[2025-01-25T12:29:26.732+0000] {taskinstance.py:1660} INFO - Exporting env vars: AIRFLOW_CTX_DAG_OWNER='***' AIRFLOW_CTX_DAG_ID='openweather_data_lake' AIRFLOW_CTX_TASK_ID='data_to_raw' AIRFLOW_CTX_EXECUTION_DATE='2025-01-24T00:00:00+00:00' AIRFLOW_CTX_TRY_NUMBER='1' AIRFLOW_CTX_DAG_RUN_ID='scheduled__2025-01-24T00:00:00+00:00'
[2025-01-25T12:29:27.265+0000] {taskinstance.py:1935} ERROR - Task failed with exception
Traceback (most recent call last):
  File "/home/airflow/.local/lib/python3.8/site-packages/airflow/operators/python.py", line 192, in execute
    return_value = self.execute_callable()
  File "/home/airflow/.local/lib/python3.8/site-packages/airflow/operators/python.py", line 209, in execute_callable
    return self.python_callable(*self.op_args, **self.op_kwargs)
  File "/opt/airflow/dags/openweather_data_lake.py", line 16, in run_data_recovery
    subprocess.run(["python", script_path], check=True)
  File "/usr/local/lib/python3.8/subprocess.py", line 516, in run
    raise CalledProcessError(retcode, process.args,
subprocess.CalledProcessError: Command '['python', '/opt/airflow/src/data-recovery.py']' returned non-zero exit status 1.
[2025-01-25T12:29:27.280+0000] {taskinstance.py:1398} INFO - Marking task as UP_FOR_RETRY. dag_id=openweather_data_lake, task_id=data_to_raw, execution_date=20250124T000000, start_date=20250125T122926, end_date=20250125T122927
[2025-01-25T12:29:27.291+0000] {standard_task_runner.py:104} ERROR - Failed to execute job 10 for task data_to_raw (Command '['python', '/opt/airflow/src/data-recovery.py']' returned non-zero exit status 1.; 201)
[2025-01-25T12:29:27.331+0000] {local_task_job_runner.py:228} INFO - Task exited with return code 1
[2025-01-25T12:29:27.355+0000] {taskinstance.py:2776} INFO - 0 downstream tasks scheduled from follow-on schedule check
[2025-01-25T13:18:00.344+0000] {taskinstance.py:1157} INFO - Dependencies all met for dep_context=non-requeueable deps ti=<TaskInstance: openweather_data_lake.data_to_raw scheduled__2025-01-24T00:00:00+00:00 [queued]>
[2025-01-25T13:18:00.355+0000] {taskinstance.py:1157} INFO - Dependencies all met for dep_context=requeueable deps ti=<TaskInstance: openweather_data_lake.data_to_raw scheduled__2025-01-24T00:00:00+00:00 [queued]>
[2025-01-25T13:18:00.357+0000] {taskinstance.py:1359} INFO - Starting attempt 1 of 3
[2025-01-25T13:18:00.370+0000] {taskinstance.py:1380} INFO - Executing <Task(PythonOperator): data_to_raw> on 2025-01-24 00:00:00+00:00
[2025-01-25T13:18:00.373+0000] {standard_task_runner.py:57} INFO - Started process 253 to run task
[2025-01-25T13:18:00.376+0000] {standard_task_runner.py:84} INFO - Running: ['***', 'tasks', 'run', 'openweather_data_lake', 'data_to_raw', 'scheduled__2025-01-24T00:00:00+00:00', '--job-id', '30', '--raw', '--subdir', 'DAGS_FOLDER/openweather_data_lake.py', '--cfg-path', '/tmp/tmpnlrbby0s']
[2025-01-25T13:18:00.380+0000] {standard_task_runner.py:85} INFO - Job 30: Subtask data_to_raw
[2025-01-25T13:18:00.391+0000] {logging_mixin.py:151} WARNING - /home/***/.local/lib/python3.8/site-packages/***/settings.py:195 DeprecationWarning: The sql_alchemy_conn option in [core] has been moved to the sql_alchemy_conn option in [database] - the old setting has been used, but please update your config.
[2025-01-25T13:18:00.412+0000] {task_command.py:415} INFO - Running <TaskInstance: openweather_data_lake.data_to_raw scheduled__2025-01-24T00:00:00+00:00 [running]> on host eb0d4caa6d7f
[2025-01-25T13:18:00.451+0000] {taskinstance.py:1660} INFO - Exporting env vars: AIRFLOW_CTX_DAG_OWNER='***' AIRFLOW_CTX_DAG_ID='openweather_data_lake' AIRFLOW_CTX_TASK_ID='data_to_raw' AIRFLOW_CTX_EXECUTION_DATE='2025-01-24T00:00:00+00:00' AIRFLOW_CTX_TRY_NUMBER='1' AIRFLOW_CTX_DAG_RUN_ID='scheduled__2025-01-24T00:00:00+00:00'
[2025-01-25T13:18:02.010+0000] {python.py:194} INFO - Done. Returned value was: None
[2025-01-25T13:18:02.046+0000] {taskinstance.py:1398} INFO - Marking task as SUCCESS. dag_id=openweather_data_lake, task_id=data_to_raw, execution_date=20250124T000000, start_date=20250125T131800, end_date=20250125T131802
[2025-01-25T13:18:02.092+0000] {local_task_job_runner.py:228} INFO - Task exited with return code 0
[2025-01-25T13:18:02.125+0000] {taskinstance.py:2776} INFO - 1 downstream tasks scheduled from follow-on schedule check
[2025-01-25T13:18:55.231+0000] {taskinstance.py:1157} INFO - Dependencies all met for dep_context=non-requeueable deps ti=<TaskInstance: openweather_data_lake.data_to_raw scheduled__2025-01-24T00:00:00+00:00 [queued]>
[2025-01-25T13:18:55.236+0000] {taskinstance.py:1157} INFO - Dependencies all met for dep_context=requeueable deps ti=<TaskInstance: openweather_data_lake.data_to_raw scheduled__2025-01-24T00:00:00+00:00 [queued]>
[2025-01-25T13:18:55.236+0000] {taskinstance.py:1359} INFO - Starting attempt 1 of 3
[2025-01-25T13:18:55.245+0000] {taskinstance.py:1380} INFO - Executing <Task(PythonOperator): data_to_raw> on 2025-01-24 00:00:00+00:00
[2025-01-25T13:18:55.249+0000] {standard_task_runner.py:57} INFO - Started process 440 to run task
[2025-01-25T13:18:55.252+0000] {standard_task_runner.py:84} INFO - Running: ['***', 'tasks', 'run', 'openweather_data_lake', 'data_to_raw', 'scheduled__2025-01-24T00:00:00+00:00', '--job-id', '37', '--raw', '--subdir', 'DAGS_FOLDER/openweather_data_lake.py', '--cfg-path', '/tmp/tmp9fybmw03']
[2025-01-25T13:18:55.254+0000] {standard_task_runner.py:85} INFO - Job 37: Subtask data_to_raw
[2025-01-25T13:18:55.263+0000] {logging_mixin.py:151} WARNING - /home/***/.local/lib/python3.8/site-packages/***/settings.py:195 DeprecationWarning: The sql_alchemy_conn option in [core] has been moved to the sql_alchemy_conn option in [database] - the old setting has been used, but please update your config.
[2025-01-25T13:18:55.279+0000] {task_command.py:415} INFO - Running <TaskInstance: openweather_data_lake.data_to_raw scheduled__2025-01-24T00:00:00+00:00 [running]> on host eb0d4caa6d7f
[2025-01-25T13:18:55.310+0000] {taskinstance.py:1660} INFO - Exporting env vars: AIRFLOW_CTX_DAG_OWNER='***' AIRFLOW_CTX_DAG_ID='openweather_data_lake' AIRFLOW_CTX_TASK_ID='data_to_raw' AIRFLOW_CTX_EXECUTION_DATE='2025-01-24T00:00:00+00:00' AIRFLOW_CTX_TRY_NUMBER='1' AIRFLOW_CTX_DAG_RUN_ID='scheduled__2025-01-24T00:00:00+00:00'
[2025-01-25T13:18:56.753+0000] {python.py:194} INFO - Done. Returned value was: None
[2025-01-25T13:18:56.778+0000] {taskinstance.py:1398} INFO - Marking task as SUCCESS. dag_id=openweather_data_lake, task_id=data_to_raw, execution_date=20250124T000000, start_date=20250125T131855, end_date=20250125T131856
[2025-01-25T13:18:56.831+0000] {local_task_job_runner.py:228} INFO - Task exited with return code 0
[2025-01-25T13:18:56.876+0000] {taskinstance.py:2776} INFO - 1 downstream tasks scheduled from follow-on schedule check
[2025-01-25T13:40:57.400+0000] {taskinstance.py:1157} INFO - Dependencies all met for dep_context=non-requeueable deps ti=<TaskInstance: openweather_data_lake.data_to_raw scheduled__2025-01-24T00:00:00+00:00 [queued]>
[2025-01-25T13:40:57.407+0000] {taskinstance.py:1157} INFO - Dependencies all met for dep_context=requeueable deps ti=<TaskInstance: openweather_data_lake.data_to_raw scheduled__2025-01-24T00:00:00+00:00 [queued]>
[2025-01-25T13:40:57.407+0000] {taskinstance.py:1359} INFO - Starting attempt 1 of 3
[2025-01-25T13:40:57.415+0000] {taskinstance.py:1380} INFO - Executing <Task(PythonOperator): data_to_raw> on 2025-01-24 00:00:00+00:00
[2025-01-25T13:40:57.419+0000] {standard_task_runner.py:57} INFO - Started process 213 to run task
[2025-01-25T13:40:57.422+0000] {standard_task_runner.py:84} INFO - Running: ['***', 'tasks', 'run', 'openweather_data_lake', 'data_to_raw', 'scheduled__2025-01-24T00:00:00+00:00', '--job-id', '4', '--raw', '--subdir', 'DAGS_FOLDER/openweather_data_lake.py', '--cfg-path', '/tmp/tmpkyi0nskp']
[2025-01-25T13:40:57.424+0000] {standard_task_runner.py:85} INFO - Job 4: Subtask data_to_raw
[2025-01-25T13:40:57.440+0000] {logging_mixin.py:151} WARNING - /home/***/.local/lib/python3.8/site-packages/***/settings.py:195 DeprecationWarning: The sql_alchemy_conn option in [core] has been moved to the sql_alchemy_conn option in [database] - the old setting has been used, but please update your config.
[2025-01-25T13:40:57.498+0000] {task_command.py:415} INFO - Running <TaskInstance: openweather_data_lake.data_to_raw scheduled__2025-01-24T00:00:00+00:00 [running]> on host 76d975d787c4
[2025-01-25T13:40:57.583+0000] {taskinstance.py:1660} INFO - Exporting env vars: AIRFLOW_CTX_DAG_OWNER='***' AIRFLOW_CTX_DAG_ID='openweather_data_lake' AIRFLOW_CTX_TASK_ID='data_to_raw' AIRFLOW_CTX_EXECUTION_DATE='2025-01-24T00:00:00+00:00' AIRFLOW_CTX_TRY_NUMBER='1' AIRFLOW_CTX_DAG_RUN_ID='scheduled__2025-01-24T00:00:00+00:00'
[2025-01-25T13:40:59.514+0000] {python.py:194} INFO - Done. Returned value was: None
[2025-01-25T13:40:59.548+0000] {taskinstance.py:1398} INFO - Marking task as SUCCESS. dag_id=openweather_data_lake, task_id=data_to_raw, execution_date=20250124T000000, start_date=20250125T134057, end_date=20250125T134059
[2025-01-25T13:40:59.610+0000] {local_task_job_runner.py:228} INFO - Task exited with return code 0
[2025-01-25T13:40:59.659+0000] {taskinstance.py:2776} INFO - 1 downstream tasks scheduled from follow-on schedule check
